[2021-06-24 10:03:05 +0000] [14494] [INFO] Starting gunicorn 20.1.0
[2021-06-24 10:03:05 +0000] [14494] [INFO] Listening at: http://0.0.0.0:8000 (14494)
[2021-06-24 10:03:05 +0000] [14494] [INFO] Using worker: sync
[2021-06-24 10:03:05 +0000] [14495] [INFO] Booting worker with pid: 14495
2021-06-24 19:05:36,278 DEBUG (0.001) 
                SELECT VERSION(),
                       @@sql_mode,
                       @@default_storage_engine,
                       @@sql_auto_is_null,
                       @@lower_case_table_names,
                       CONVERT_TZ('2001-01-01 01:00:00', 'UTC', 'UTC') IS NOT NULL
            ; args=None
2021-06-24 19:05:36,283 DEBUG (0.000) SET SESSION TRANSACTION ISOLATION LEVEL READ COMMITTED; args=None
2021-06-24 19:05:36,284 DEBUG (0.001) SELECT `users`.`id`, `users`.`password`, `users`.`last_login`, `users`.`employee_number`, `users`.`date_of_join`, `users`.`annual_leave_id`, `users`.`registration_number`, `users`.`phone_number`, `users`.`email`, `users`.`name`, `users`.`work_type`, `users`.`salary`, `users`.`get_in_time`, `users`.`get_off_time`, `users`.`remaining_annual_leave` FROM `users` WHERE `users`.`employee_number` = '20210003' LIMIT 21; args=('20210003',)
2021-06-24 19:05:36,297 DEBUG (0.004) SELECT `schedules`.`id`, `schedules`.`user_id`, `schedules`.`work_type`, `schedules`.`created_at`, `schedules`.`updated_at`, `schedules`.`get_in_time`, `schedules`.`get_off_time` FROM `schedules` WHERE (DATE(`schedules`.`created_at`) = '2021-06-24' AND `schedules`.`user_id` = 3) LIMIT 21; args=('2021-06-24', 3)
Not Found: /static/rest_framework/css/bootstrap.min.css
Not Found: /static/rest_framework/css/bootstrap-tweaks.css
Not Found: /static/rest_framework/css/prettify.css
Not Found: /static/rest_framework/css/default.css
Not Found: /static/rest_framework/js/jquery-3.5.1.min.js
Not Found: /static/rest_framework/js/ajax-form.js
Not Found: /static/rest_framework/js/csrf.js
Not Found: /static/rest_framework/js/bootstrap.min.js
Not Found: /static/rest_framework/js/prettify-min.js
Not Found: /static/rest_framework/js/default.js
Not Found: /favicon.ico
2021-06-24 19:05:44,400 DEBUG (0.000) SET SESSION TRANSACTION ISOLATION LEVEL READ COMMITTED; args=None
2021-06-24 19:05:44,410 DEBUG (0.001) SELECT `users`.`id`, `users`.`password`, `users`.`last_login`, `users`.`employee_number`, `users`.`date_of_join`, `users`.`annual_leave_id`, `users`.`registration_number`, `users`.`phone_number`, `users`.`email`, `users`.`name`, `users`.`work_type`, `users`.`salary`, `users`.`get_in_time`, `users`.`get_off_time`, `users`.`remaining_annual_leave` FROM `users` WHERE `users`.`employee_number` = '20210002' LIMIT 21; args=('20210002',)
2021-06-24 19:05:44,414 DEBUG (0.004) SELECT `schedules`.`id`, `schedules`.`user_id`, `schedules`.`work_type`, `schedules`.`created_at`, `schedules`.`updated_at`, `schedules`.`get_in_time`, `schedules`.`get_off_time` FROM `schedules` WHERE (DATE(`schedules`.`created_at`) = '2021-06-24' AND `schedules`.`user_id` = 2) LIMIT 21; args=('2021-06-24', 2)
Not Found: /static/rest_framework/css/bootstrap.min.css
Not Found: /static/rest_framework/css/bootstrap-tweaks.css
Not Found: /static/rest_framework/css/prettify.css
Not Found: /static/rest_framework/js/jquery-3.5.1.min.js
Not Found: /static/rest_framework/css/default.css
Not Found: /static/rest_framework/js/ajax-form.js
Not Found: /static/rest_framework/js/csrf.js
Not Found: /static/rest_framework/js/bootstrap.min.js
Not Found: /static/rest_framework/js/prettify-min.js
Not Found: /static/rest_framework/js/default.js
Not Found: /static/rest_framework/js/jquery-3.5.1.min.js
Not Found: /static/rest_framework/js/ajax-form.js
Not Found: /static/rest_framework/js/csrf.js
Not Found: /static/rest_framework/js/bootstrap.min.js
Not Found: /static/rest_framework/js/prettify-min.js
Not Found: /static/rest_framework/js/default.js
2021-06-24 19:05:49,283 DEBUG (0.000) SET SESSION TRANSACTION ISOLATION LEVEL READ COMMITTED; args=None
2021-06-24 19:05:49,287 DEBUG (0.001) SELECT `users`.`id`, `users`.`password`, `users`.`last_login`, `users`.`employee_number`, `users`.`date_of_join`, `users`.`annual_leave_id`, `users`.`registration_number`, `users`.`phone_number`, `users`.`email`, `users`.`name`, `users`.`work_type`, `users`.`salary`, `users`.`get_in_time`, `users`.`get_off_time`, `users`.`remaining_annual_leave` FROM `users` WHERE `users`.`employee_number` = '20210004' LIMIT 21; args=('20210004',)
2021-06-24 19:05:49,291 DEBUG (0.001) SELECT `schedules`.`id`, `schedules`.`user_id`, `schedules`.`work_type`, `schedules`.`created_at`, `schedules`.`updated_at`, `schedules`.`get_in_time`, `schedules`.`get_off_time` FROM `schedules` WHERE (DATE(`schedules`.`created_at`) = '2021-06-24' AND `schedules`.`user_id` = 4) LIMIT 21; args=('2021-06-24', 4)
2021-06-24 19:05:49,318 DEBUG (0.000) SET SESSION TRANSACTION ISOLATION LEVEL READ COMMITTED; args=None
2021-06-24 19:05:49,321 DEBUG (0.001) SELECT `users`.`id`, `users`.`password`, `users`.`last_login`, `users`.`employee_number`, `users`.`date_of_join`, `users`.`annual_leave_id`, `users`.`registration_number`, `users`.`phone_number`, `users`.`email`, `users`.`name`, `users`.`work_type`, `users`.`salary`, `users`.`get_in_time`, `users`.`get_off_time`, `users`.`remaining_annual_leave` FROM `users` WHERE `users`.`employee_number` = '20210004' LIMIT 21; args=('20210004',)
2021-06-24 19:05:49,325 DEBUG (0.001) SELECT `schedules`.`id`, `schedules`.`user_id`, `schedules`.`work_type`, `schedules`.`created_at`, `schedules`.`updated_at`, `schedules`.`get_in_time`, `schedules`.`get_off_time` FROM `schedules` WHERE (DATE(`schedules`.`created_at`) = '2021-06-24' AND `schedules`.`user_id` = 4) LIMIT 21; args=('2021-06-24', 4)
Not Found: /static/rest_framework/css/bootstrap.min.css
Not Found: /static/rest_framework/css/bootstrap-tweaks.css
Not Found: /static/rest_framework/css/prettify.css
Not Found: /static/rest_framework/js/jquery-3.5.1.min.js
Not Found: /static/rest_framework/css/default.css
Not Found: /static/rest_framework/js/ajax-form.js
Not Found: /static/rest_framework/js/csrf.js
Not Found: /static/rest_framework/js/bootstrap.min.js
Not Found: /static/rest_framework/js/prettify-min.js
Not Found: /static/rest_framework/js/default.js
Not Found: /static/rest_framework/js/jquery-3.5.1.min.js
Not Found: /static/rest_framework/js/ajax-form.js
Not Found: /static/rest_framework/js/csrf.js
Not Found: /static/rest_framework/js/bootstrap.min.js
Not Found: /static/rest_framework/js/prettify-min.js
Not Found: /static/rest_framework/js/default.js
2021-06-24 19:05:51,590 DEBUG (0.000) SET SESSION TRANSACTION ISOLATION LEVEL READ COMMITTED; args=None
2021-06-24 19:05:51,593 DEBUG (0.001) SELECT `users`.`id`, `users`.`password`, `users`.`last_login`, `users`.`employee_number`, `users`.`date_of_join`, `users`.`annual_leave_id`, `users`.`registration_number`, `users`.`phone_number`, `users`.`email`, `users`.`name`, `users`.`work_type`, `users`.`salary`, `users`.`get_in_time`, `users`.`get_off_time`, `users`.`remaining_annual_leave` FROM `users` WHERE `users`.`employee_number` = '20210005' LIMIT 21; args=('20210005',)
2021-06-24 19:05:51,597 DEBUG (0.001) SELECT `schedules`.`id`, `schedules`.`user_id`, `schedules`.`work_type`, `schedules`.`created_at`, `schedules`.`updated_at`, `schedules`.`get_in_time`, `schedules`.`get_off_time` FROM `schedules` WHERE (DATE(`schedules`.`created_at`) = '2021-06-24' AND `schedules`.`user_id` = 5) LIMIT 21; args=('2021-06-24', 5)
Not Found: /static/rest_framework/css/bootstrap.min.css
Not Found: /static/rest_framework/css/bootstrap-tweaks.css
Not Found: /static/rest_framework/css/prettify.css
Not Found: /static/rest_framework/css/default.css
Not Found: /static/rest_framework/js/jquery-3.5.1.min.js
Not Found: /static/rest_framework/js/ajax-form.js
Not Found: /static/rest_framework/js/csrf.js
Not Found: /static/rest_framework/js/bootstrap.min.js
Not Found: /static/rest_framework/js/prettify-min.js
Not Found: /static/rest_framework/js/default.js
2021-06-24 19:05:54,446 DEBUG (0.000) SET SESSION TRANSACTION ISOLATION LEVEL READ COMMITTED; args=None
2021-06-24 19:05:54,449 DEBUG (0.001) SELECT `users`.`id`, `users`.`password`, `users`.`last_login`, `users`.`employee_number`, `users`.`date_of_join`, `users`.`annual_leave_id`, `users`.`registration_number`, `users`.`phone_number`, `users`.`email`, `users`.`name`, `users`.`work_type`, `users`.`salary`, `users`.`get_in_time`, `users`.`get_off_time`, `users`.`remaining_annual_leave` FROM `users` WHERE `users`.`employee_number` = '20210001' LIMIT 21; args=('20210001',)
2021-06-24 19:05:54,457 DEBUG (0.004) SELECT `schedules`.`id`, `schedules`.`user_id`, `schedules`.`work_type`, `schedules`.`created_at`, `schedules`.`updated_at`, `schedules`.`get_in_time`, `schedules`.`get_off_time` FROM `schedules` WHERE (DATE(`schedules`.`created_at`) = '2021-06-24' AND `schedules`.`user_id` = 1) LIMIT 21; args=('2021-06-24', 1)
Not Found: /static/rest_framework/css/bootstrap.min.css
Not Found: /static/rest_framework/css/bootstrap-tweaks.css
Not Found: /static/rest_framework/css/prettify.css
Not Found: /static/rest_framework/css/default.css
Not Found: /static/rest_framework/js/jquery-3.5.1.min.js
Not Found: /static/rest_framework/js/ajax-form.js
Not Found: /static/rest_framework/js/csrf.js
Not Found: /static/rest_framework/js/bootstrap.min.js
Not Found: /static/rest_framework/js/prettify-min.js
Not Found: /static/rest_framework/js/default.js
Not Found: /
2021-06-24 19:11:22,347 DEBUG (0.000) SET SESSION TRANSACTION ISOLATION LEVEL READ COMMITTED; args=None
2021-06-24 19:11:22,350 DEBUG (0.001) SELECT `users`.`id`, `users`.`password`, `users`.`last_login`, `users`.`employee_number`, `users`.`date_of_join`, `users`.`annual_leave_id`, `users`.`registration_number`, `users`.`phone_number`, `users`.`email`, `users`.`name`, `users`.`work_type`, `users`.`salary`, `users`.`get_in_time`, `users`.`get_off_time`, `users`.`remaining_annual_leave` FROM `users` WHERE `users`.`employee_number` = '20210005' LIMIT 21; args=('20210005',)
2021-06-24 19:11:22,354 DEBUG (0.001) SELECT `roles_by_users`.`id`, `roles_by_users`.`user_id`, `roles_by_users`.`role_id`, `roles`.`id`, `roles`.`type`, `roles`.`name` FROM `roles_by_users` INNER JOIN `users` ON (`roles_by_users`.`user_id` = `users`.`id`) INNER JOIN `roles` ON (`roles_by_users`.`role_id` = `roles`.`id`) WHERE `users`.`employee_number` = '20210005'; args=('20210005',)
2021-06-24 19:11:22,366 DEBUG (0.009) SELECT `schedules`.`id`, `schedules`.`user_id`, `schedules`.`work_type`, `schedules`.`created_at`, `schedules`.`updated_at`, `schedules`.`get_in_time`, `schedules`.`get_off_time`, DATE(`schedules`.`created_at`) AS `date`, TIME(`schedules`.`created_at`) AS `attendance_time`, TIME(`schedules`.`updated_at`) AS `quitting_time`, ((TIME_TO_SEC(TIME(`schedules`.`created_at`)) * 1000000 + MICROSECOND(TIME(`schedules`.`created_at`))) - (TIME_TO_SEC(`schedules`.`get_in_time`) * 1000000 + MICROSECOND(`schedules`.`get_in_time`))) AS `late_time`, ((TIME_TO_SEC(TIME(`schedules`.`updated_at`)) * 1000000 + MICROSECOND(TIME(`schedules`.`updated_at`))) - (TIME_TO_SEC(`schedules`.`get_off_time`) * 1000000 + MICROSECOND(`schedules`.`get_off_time`))) AS `leaving_time`, ((TIME_TO_SEC(TIME(`schedules`.`updated_at`)) * 1000000 + MICROSECOND(TIME(`schedules`.`updated_at`))) - (TIME_TO_SEC(TIME(`schedules`.`created_at`)) * 1000000 + MICROSECOND(TIME(`schedules`.`created_at`)))) AS `work_time`, `users`.`id`, `users`.`password`, `users`.`last_login`, `users`.`employee_number`, `users`.`date_of_join`, `users`.`annual_leave_id`, `users`.`registration_number`, `users`.`phone_number`, `users`.`email`, `users`.`name`, `users`.`work_type`, `users`.`salary`, `users`.`get_in_time`, `users`.`get_off_time`, `users`.`remaining_annual_leave` FROM `schedules` INNER JOIN `users` ON (`schedules`.`user_id` = `users`.`id`); args=()
2021-06-24 19:11:38,236 DEBUG (0.000) SET SESSION TRANSACTION ISOLATION LEVEL READ COMMITTED; args=None
2021-06-24 19:11:38,240 DEBUG (0.001) SELECT `users`.`id`, `users`.`password`, `users`.`last_login`, `users`.`employee_number`, `users`.`date_of_join`, `users`.`annual_leave_id`, `users`.`registration_number`, `users`.`phone_number`, `users`.`email`, `users`.`name`, `users`.`work_type`, `users`.`salary`, `users`.`get_in_time`, `users`.`get_off_time`, `users`.`remaining_annual_leave` FROM `users` WHERE `users`.`employee_number` = '20210003' LIMIT 21; args=('20210003',)
2021-06-24 19:11:38,244 DEBUG (0.001) SELECT `schedules`.`id`, `schedules`.`user_id`, `schedules`.`work_type`, `schedules`.`created_at`, `schedules`.`updated_at`, `schedules`.`get_in_time`, `schedules`.`get_off_time` FROM `schedules` WHERE (DATE(`schedules`.`created_at`) = '2021-06-24' AND `schedules`.`user_id` = 3) LIMIT 21; args=('2021-06-24', 3)
2021-06-24 19:11:38,249 DEBUG (0.004) INSERT INTO `schedules` (`user_id`, `work_type`, `created_at`, `updated_at`, `get_in_time`, `get_off_time`) VALUES (3, '정상근무', '2021-06-24 19:11:38.242664', NULL, '10:00:00', '19:00:00'); args=[3, '정상근무', '2021-06-24 19:11:38.242664', None, '10:00:00', '19:00:00']
2021-06-24 19:13:17,041 DEBUG (0.000) SET SESSION TRANSACTION ISOLATION LEVEL READ COMMITTED; args=None
2021-06-24 19:13:17,044 DEBUG (0.001) SELECT `users`.`id`, `users`.`password`, `users`.`last_login`, `users`.`employee_number`, `users`.`date_of_join`, `users`.`annual_leave_id`, `users`.`registration_number`, `users`.`phone_number`, `users`.`email`, `users`.`name`, `users`.`work_type`, `users`.`salary`, `users`.`get_in_time`, `users`.`get_off_time`, `users`.`remaining_annual_leave` FROM `users` WHERE `users`.`employee_number` = '20210008' LIMIT 21; args=('20210008',)
Not Found: /schedules/today
2021-06-24 19:13:26,541 DEBUG (0.000) SET SESSION TRANSACTION ISOLATION LEVEL READ COMMITTED; args=None
2021-06-24 19:13:26,544 DEBUG (0.001) SELECT `users`.`id`, `users`.`password`, `users`.`last_login`, `users`.`employee_number`, `users`.`date_of_join`, `users`.`annual_leave_id`, `users`.`registration_number`, `users`.`phone_number`, `users`.`email`, `users`.`name`, `users`.`work_type`, `users`.`salary`, `users`.`get_in_time`, `users`.`get_off_time`, `users`.`remaining_annual_leave` FROM `users` WHERE `users`.`employee_number` = '20210008' LIMIT 21; args=('20210008',)
Not Found: /schedules/today
2021-06-24 19:13:30,962 DEBUG (0.000) SET SESSION TRANSACTION ISOLATION LEVEL READ COMMITTED; args=None
2021-06-24 19:13:30,969 DEBUG (0.001) SELECT `users`.`id`, `users`.`password`, `users`.`last_login`, `users`.`employee_number`, `users`.`date_of_join`, `users`.`annual_leave_id`, `users`.`registration_number`, `users`.`phone_number`, `users`.`email`, `users`.`name`, `users`.`work_type`, `users`.`salary`, `users`.`get_in_time`, `users`.`get_off_time`, `users`.`remaining_annual_leave` FROM `users` WHERE `users`.`employee_number` = '20210003' LIMIT 21; args=('20210003',)
2021-06-24 19:13:30,973 DEBUG (0.002) SELECT `schedules`.`id`, `schedules`.`user_id`, `schedules`.`work_type`, `schedules`.`created_at`, `schedules`.`updated_at`, `schedules`.`get_in_time`, `schedules`.`get_off_time` FROM `schedules` WHERE (DATE(`schedules`.`created_at`) = '2021-06-24' AND `schedules`.`user_id` = 3) LIMIT 21; args=('2021-06-24', 3)
2021-06-24 19:13:30,979 DEBUG (0.005) UPDATE `schedules` SET `user_id` = 3, `work_type` = '정상근무', `created_at` = '2021-06-24 19:11:38.242664', `updated_at` = '2021-06-24 19:13:30.970232', `get_in_time` = '10:00:00', `get_off_time` = '19:00:00' WHERE `schedules`.`id` = 1; args=(3, '정상근무', '2021-06-24 19:11:38.242664', '2021-06-24 19:13:30.970232', '10:00:00', '19:00:00', 1)
2021-06-24 19:13:36,130 DEBUG (0.000) SET SESSION TRANSACTION ISOLATION LEVEL READ COMMITTED; args=None
2021-06-24 19:13:36,138 DEBUG (0.001) SELECT `users`.`id`, `users`.`password`, `users`.`last_login`, `users`.`employee_number`, `users`.`date_of_join`, `users`.`annual_leave_id`, `users`.`registration_number`, `users`.`phone_number`, `users`.`email`, `users`.`name`, `users`.`work_type`, `users`.`salary`, `users`.`get_in_time`, `users`.`get_off_time`, `users`.`remaining_annual_leave` FROM `users` WHERE `users`.`employee_number` = '20210005' LIMIT 21; args=('20210005',)
2021-06-24 19:13:36,145 DEBUG (0.006) SELECT `schedules`.`id`, `schedules`.`user_id`, `schedules`.`work_type`, `schedules`.`created_at`, `schedules`.`updated_at`, `schedules`.`get_in_time`, `schedules`.`get_off_time` FROM `schedules` WHERE (DATE(`schedules`.`created_at`) = '2021-06-24' AND `schedules`.`user_id` = 5) LIMIT 21; args=('2021-06-24', 5)
2021-06-24 19:13:40,144 DEBUG (0.000) SET SESSION TRANSACTION ISOLATION LEVEL READ COMMITTED; args=None
2021-06-24 19:13:40,148 DEBUG (0.001) SELECT `users`.`id`, `users`.`password`, `users`.`last_login`, `users`.`employee_number`, `users`.`date_of_join`, `users`.`annual_leave_id`, `users`.`registration_number`, `users`.`phone_number`, `users`.`email`, `users`.`name`, `users`.`work_type`, `users`.`salary`, `users`.`get_in_time`, `users`.`get_off_time`, `users`.`remaining_annual_leave` FROM `users` WHERE `users`.`employee_number` = '20210003' LIMIT 21; args=('20210003',)
2021-06-24 19:13:40,154 DEBUG (0.002) SELECT `schedules`.`id`, `schedules`.`user_id`, `schedules`.`work_type`, `schedules`.`created_at`, `schedules`.`updated_at`, `schedules`.`get_in_time`, `schedules`.`get_off_time` FROM `schedules` WHERE (DATE(`schedules`.`created_at`) = '2021-06-24' AND `schedules`.`user_id` = 3) LIMIT 21; args=('2021-06-24', 3)
2021-06-24 19:13:51,363 DEBUG (0.000) SET SESSION TRANSACTION ISOLATION LEVEL READ COMMITTED; args=None
2021-06-24 19:13:51,366 DEBUG (0.001) SELECT `users`.`id`, `users`.`password`, `users`.`last_login`, `users`.`employee_number`, `users`.`date_of_join`, `users`.`annual_leave_id`, `users`.`registration_number`, `users`.`phone_number`, `users`.`email`, `users`.`name`, `users`.`work_type`, `users`.`salary`, `users`.`get_in_time`, `users`.`get_off_time`, `users`.`remaining_annual_leave` FROM `users` WHERE `users`.`employee_number` = '20210004' LIMIT 21; args=('20210004',)
2021-06-24 19:13:51,371 DEBUG (0.003) SELECT `schedules`.`id`, `schedules`.`user_id`, `schedules`.`work_type`, `schedules`.`created_at`, `schedules`.`updated_at`, `schedules`.`get_in_time`, `schedules`.`get_off_time` FROM `schedules` WHERE (DATE(`schedules`.`created_at`) = '2021-06-24' AND `schedules`.`user_id` = 4) LIMIT 21; args=('2021-06-24', 4)
2021-06-24 19:13:59,839 DEBUG (0.000) SET SESSION TRANSACTION ISOLATION LEVEL READ COMMITTED; args=None
2021-06-24 19:13:59,842 DEBUG (0.001) SELECT `users`.`id`, `users`.`password`, `users`.`last_login`, `users`.`employee_number`, `users`.`date_of_join`, `users`.`annual_leave_id`, `users`.`registration_number`, `users`.`phone_number`, `users`.`email`, `users`.`name`, `users`.`work_type`, `users`.`salary`, `users`.`get_in_time`, `users`.`get_off_time`, `users`.`remaining_annual_leave` FROM `users` WHERE `users`.`employee_number` = '20210001' LIMIT 21; args=('20210001',)
2021-06-24 19:13:59,846 DEBUG (0.001) SELECT `schedules`.`id`, `schedules`.`user_id`, `schedules`.`work_type`, `schedules`.`created_at`, `schedules`.`updated_at`, `schedules`.`get_in_time`, `schedules`.`get_off_time` FROM `schedules` WHERE (DATE(`schedules`.`created_at`) = '2021-06-24' AND `schedules`.`user_id` = 1) LIMIT 21; args=('2021-06-24', 1)
2021-06-24 19:13:59,853 DEBUG (0.006) INSERT INTO `schedules` (`user_id`, `work_type`, `created_at`, `updated_at`, `get_in_time`, `get_off_time`) VALUES (1, '정상근무', '2021-06-24 19:13:59.844206', NULL, '10:00:00', '19:00:00'); args=[1, '정상근무', '2021-06-24 19:13:59.844206', None, '10:00:00', '19:00:00']
2021-06-24 19:14:03,807 DEBUG (0.000) SET SESSION TRANSACTION ISOLATION LEVEL READ COMMITTED; args=None
2021-06-24 19:14:03,810 DEBUG (0.001) SELECT `users`.`id`, `users`.`password`, `users`.`last_login`, `users`.`employee_number`, `users`.`date_of_join`, `users`.`annual_leave_id`, `users`.`registration_number`, `users`.`phone_number`, `users`.`email`, `users`.`name`, `users`.`work_type`, `users`.`salary`, `users`.`get_in_time`, `users`.`get_off_time`, `users`.`remaining_annual_leave` FROM `users` WHERE `users`.`employee_number` = '20210002' LIMIT 21; args=('20210002',)
2021-06-24 19:14:03,814 DEBUG (0.001) SELECT `schedules`.`id`, `schedules`.`user_id`, `schedules`.`work_type`, `schedules`.`created_at`, `schedules`.`updated_at`, `schedules`.`get_in_time`, `schedules`.`get_off_time` FROM `schedules` WHERE (DATE(`schedules`.`created_at`) = '2021-06-24' AND `schedules`.`user_id` = 2) LIMIT 21; args=('2021-06-24', 2)
2021-06-24 19:14:03,819 DEBUG (0.005) INSERT INTO `schedules` (`user_id`, `work_type`, `created_at`, `updated_at`, `get_in_time`, `get_off_time`) VALUES (2, '정상근무', '2021-06-24 19:14:03.812516', NULL, '09:00:00', '18:00:00'); args=[2, '정상근무', '2021-06-24 19:14:03.812516', None, '09:00:00', '18:00:00']
2021-06-24 19:14:07,093 DEBUG (0.000) SET SESSION TRANSACTION ISOLATION LEVEL READ COMMITTED; args=None
2021-06-24 19:14:07,097 DEBUG (0.001) SELECT `users`.`id`, `users`.`password`, `users`.`last_login`, `users`.`employee_number`, `users`.`date_of_join`, `users`.`annual_leave_id`, `users`.`registration_number`, `users`.`phone_number`, `users`.`email`, `users`.`name`, `users`.`work_type`, `users`.`salary`, `users`.`get_in_time`, `users`.`get_off_time`, `users`.`remaining_annual_leave` FROM `users` WHERE `users`.`employee_number` = '20210004' LIMIT 21; args=('20210004',)
2021-06-24 19:14:07,101 DEBUG (0.001) SELECT `schedules`.`id`, `schedules`.`user_id`, `schedules`.`work_type`, `schedules`.`created_at`, `schedules`.`updated_at`, `schedules`.`get_in_time`, `schedules`.`get_off_time` FROM `schedules` WHERE (DATE(`schedules`.`created_at`) = '2021-06-24' AND `schedules`.`user_id` = 4) LIMIT 21; args=('2021-06-24', 4)
2021-06-24 19:14:07,107 DEBUG (0.004) INSERT INTO `schedules` (`user_id`, `work_type`, `created_at`, `updated_at`, `get_in_time`, `get_off_time`) VALUES (4, '정상근무', '2021-06-24 19:14:07.098742', NULL, '08:00:00', '17:00:00'); args=[4, '정상근무', '2021-06-24 19:14:07.098742', None, '08:00:00', '17:00:00']
2021-06-24 19:14:11,275 DEBUG (0.000) SET SESSION TRANSACTION ISOLATION LEVEL READ COMMITTED; args=None
2021-06-24 19:14:11,278 DEBUG (0.001) SELECT `users`.`id`, `users`.`password`, `users`.`last_login`, `users`.`employee_number`, `users`.`date_of_join`, `users`.`annual_leave_id`, `users`.`registration_number`, `users`.`phone_number`, `users`.`email`, `users`.`name`, `users`.`work_type`, `users`.`salary`, `users`.`get_in_time`, `users`.`get_off_time`, `users`.`remaining_annual_leave` FROM `users` WHERE `users`.`employee_number` = '20210005' LIMIT 21; args=('20210005',)
2021-06-24 19:14:11,282 DEBUG (0.001) SELECT `schedules`.`id`, `schedules`.`user_id`, `schedules`.`work_type`, `schedules`.`created_at`, `schedules`.`updated_at`, `schedules`.`get_in_time`, `schedules`.`get_off_time` FROM `schedules` WHERE (DATE(`schedules`.`created_at`) = '2021-06-24' AND `schedules`.`user_id` = 5) LIMIT 21; args=('2021-06-24', 5)
2021-06-24 19:14:11,289 DEBUG (0.006) INSERT INTO `schedules` (`user_id`, `work_type`, `created_at`, `updated_at`, `get_in_time`, `get_off_time`) VALUES (5, '정상근무', '2021-06-24 19:14:11.280065', NULL, '10:00:00', '19:00:00'); args=[5, '정상근무', '2021-06-24 19:14:11.280065', None, '10:00:00', '19:00:00']
2021-06-24 19:14:18,323 DEBUG (0.000) SET SESSION TRANSACTION ISOLATION LEVEL READ COMMITTED; args=None
2021-06-24 19:14:18,327 DEBUG (0.001) SELECT `users`.`id`, `users`.`password`, `users`.`last_login`, `users`.`employee_number`, `users`.`date_of_join`, `users`.`annual_leave_id`, `users`.`registration_number`, `users`.`phone_number`, `users`.`email`, `users`.`name`, `users`.`work_type`, `users`.`salary`, `users`.`get_in_time`, `users`.`get_off_time`, `users`.`remaining_annual_leave` FROM `users` WHERE `users`.`employee_number` = '20210001' LIMIT 21; args=('20210001',)
2021-06-24 19:14:18,332 DEBUG (0.001) SELECT `schedules`.`id`, `schedules`.`user_id`, `schedules`.`work_type`, `schedules`.`created_at`, `schedules`.`updated_at`, `schedules`.`get_in_time`, `schedules`.`get_off_time` FROM `schedules` WHERE (DATE(`schedules`.`created_at`) = '2021-06-24' AND `schedules`.`user_id` = 1) LIMIT 21; args=('2021-06-24', 1)
2021-06-24 19:15:02,321 DEBUG (0.000) SET SESSION TRANSACTION ISOLATION LEVEL READ COMMITTED; args=None
2021-06-24 19:15:02,324 DEBUG (0.001) SELECT `users`.`id`, `users`.`password`, `users`.`last_login`, `users`.`employee_number`, `users`.`date_of_join`, `users`.`annual_leave_id`, `users`.`registration_number`, `users`.`phone_number`, `users`.`email`, `users`.`name`, `users`.`work_type`, `users`.`salary`, `users`.`get_in_time`, `users`.`get_off_time`, `users`.`remaining_annual_leave` FROM `users` WHERE `users`.`employee_number` = '20210005' LIMIT 21; args=('20210005',)
2021-06-24 19:15:02,518 DEBUG (0.007) SELECT `roles_by_users`.`id`, `roles_by_users`.`user_id`, `roles_by_users`.`role_id`, `users`.`id`, `users`.`password`, `users`.`last_login`, `users`.`employee_number`, `users`.`date_of_join`, `users`.`annual_leave_id`, `users`.`registration_number`, `users`.`phone_number`, `users`.`email`, `users`.`name`, `users`.`work_type`, `users`.`salary`, `users`.`get_in_time`, `users`.`get_off_time`, `users`.`remaining_annual_leave` FROM `roles_by_users` INNER JOIN `users` ON (`roles_by_users`.`user_id` = `users`.`id`) WHERE `users`.`employee_number` = '20210005'; args=('20210005',)
2021-06-24 19:15:02,522 DEBUG (0.001) SELECT `roles`.`id`, `roles`.`type`, `roles`.`name` FROM `roles` WHERE `roles`.`id` = 2 LIMIT 21; args=(2,)
2021-06-24 19:15:02,527 DEBUG (0.001) SELECT `permissions_by_roles`.`id`, `permissions_by_roles`.`permission_id`, `permissions_by_roles`.`role_id` FROM `permissions_by_roles` WHERE `permissions_by_roles`.`role_id` = 2 ORDER BY `permissions_by_roles`.`id` ASC LIMIT 1; args=(2,)
2021-06-24 19:15:02,530 DEBUG (0.001) SELECT `roles`.`id`, `roles`.`type`, `roles`.`name` FROM `roles` WHERE `roles`.`id` = 5 LIMIT 21; args=(5,)
2021-06-24 19:15:02,533 DEBUG (0.001) SELECT `permissions_by_roles`.`id`, `permissions_by_roles`.`permission_id`, `permissions_by_roles`.`role_id` FROM `permissions_by_roles` WHERE `permissions_by_roles`.`role_id` = 5 ORDER BY `permissions_by_roles`.`id` ASC LIMIT 1; args=(5,)
2021-06-24 19:15:02,535 DEBUG (0.001) SELECT `roles`.`id`, `roles`.`type`, `roles`.`name` FROM `roles` WHERE `roles`.`id` = 1 LIMIT 21; args=(1,)
2021-06-24 19:15:02,537 DEBUG (0.001) SELECT `permissions_by_roles`.`id`, `permissions_by_roles`.`permission_id`, `permissions_by_roles`.`role_id` FROM `permissions_by_roles` WHERE `permissions_by_roles`.`role_id` = 1 ORDER BY `permissions_by_roles`.`id` ASC LIMIT 1; args=(1,)
2021-06-24 19:15:02,546 DEBUG (0.007) SELECT `permissions`.`id`, `permissions`.`url`, `permissions`.`method` FROM `permissions` WHERE `permissions`.`id` = 1 LIMIT 21; args=(1,)
2021-06-24 19:15:15,873 DEBUG (0.000) SET SESSION TRANSACTION ISOLATION LEVEL READ COMMITTED; args=None
2021-06-24 19:15:15,877 DEBUG (0.001) SELECT `users`.`id`, `users`.`password`, `users`.`last_login`, `users`.`employee_number`, `users`.`date_of_join`, `users`.`annual_leave_id`, `users`.`registration_number`, `users`.`phone_number`, `users`.`email`, `users`.`name`, `users`.`work_type`, `users`.`salary`, `users`.`get_in_time`, `users`.`get_off_time`, `users`.`remaining_annual_leave` FROM `users` WHERE `users`.`employee_number` = '20210005' LIMIT 21; args=('20210005',)
2021-06-24 19:15:15,880 DEBUG (0.001) SELECT `roles_by_users`.`id`, `roles_by_users`.`user_id`, `roles_by_users`.`role_id`, `roles`.`id`, `roles`.`type`, `roles`.`name` FROM `roles_by_users` INNER JOIN `users` ON (`roles_by_users`.`user_id` = `users`.`id`) INNER JOIN `roles` ON (`roles_by_users`.`role_id` = `roles`.`id`) WHERE `users`.`employee_number` = '20210005'; args=('20210005',)
2021-06-24 19:15:15,885 DEBUG (0.001) SELECT `schedules`.`id`, `schedules`.`user_id`, `schedules`.`work_type`, `schedules`.`created_at`, `schedules`.`updated_at`, `schedules`.`get_in_time`, `schedules`.`get_off_time`, DATE(`schedules`.`created_at`) AS `date`, TIME(`schedules`.`created_at`) AS `attendance_time`, TIME(`schedules`.`updated_at`) AS `quitting_time`, ((TIME_TO_SEC(TIME(`schedules`.`created_at`)) * 1000000 + MICROSECOND(TIME(`schedules`.`created_at`))) - (TIME_TO_SEC(`schedules`.`get_in_time`) * 1000000 + MICROSECOND(`schedules`.`get_in_time`))) AS `late_time`, ((TIME_TO_SEC(TIME(`schedules`.`updated_at`)) * 1000000 + MICROSECOND(TIME(`schedules`.`updated_at`))) - (TIME_TO_SEC(`schedules`.`get_off_time`) * 1000000 + MICROSECOND(`schedules`.`get_off_time`))) AS `leaving_time`, ((TIME_TO_SEC(TIME(`schedules`.`updated_at`)) * 1000000 + MICROSECOND(TIME(`schedules`.`updated_at`))) - (TIME_TO_SEC(TIME(`schedules`.`created_at`)) * 1000000 + MICROSECOND(TIME(`schedules`.`created_at`)))) AS `work_time`, `users`.`id`, `users`.`password`, `users`.`last_login`, `users`.`employee_number`, `users`.`date_of_join`, `users`.`annual_leave_id`, `users`.`registration_number`, `users`.`phone_number`, `users`.`email`, `users`.`name`, `users`.`work_type`, `users`.`salary`, `users`.`get_in_time`, `users`.`get_off_time`, `users`.`remaining_annual_leave` FROM `schedules` INNER JOIN `users` ON (`schedules`.`user_id` = `users`.`id`); args=()
2021-06-24 19:15:15,888 DEBUG (0.002) SELECT `roles_by_users`.`id`, `roles_by_users`.`user_id`, `roles_by_users`.`role_id`, `roles`.`id`, `roles`.`type`, `roles`.`name` FROM `roles_by_users` INNER JOIN `users` ON (`roles_by_users`.`user_id` = `users`.`id`) INNER JOIN `roles` ON (`roles_by_users`.`role_id` = `roles`.`id`) WHERE `users`.`employee_number` = '20210003'; args=('20210003',)
2021-06-24 19:15:15,895 DEBUG (0.001) SELECT `roles_by_users`.`id`, `roles_by_users`.`user_id`, `roles_by_users`.`role_id`, `roles`.`id`, `roles`.`type`, `roles`.`name` FROM `roles_by_users` INNER JOIN `users` ON (`roles_by_users`.`user_id` = `users`.`id`) INNER JOIN `roles` ON (`roles_by_users`.`role_id` = `roles`.`id`) WHERE `users`.`employee_number` = '20210001'; args=('20210001',)
2021-06-24 19:15:15,898 DEBUG (0.002) SELECT `roles_by_users`.`id`, `roles_by_users`.`user_id`, `roles_by_users`.`role_id`, `roles`.`id`, `roles`.`type`, `roles`.`name` FROM `roles_by_users` INNER JOIN `users` ON (`roles_by_users`.`user_id` = `users`.`id`) INNER JOIN `roles` ON (`roles_by_users`.`role_id` = `roles`.`id`) WHERE `users`.`employee_number` = '20210002'; args=('20210002',)
2021-06-24 19:15:15,902 DEBUG (0.001) SELECT `roles_by_users`.`id`, `roles_by_users`.`user_id`, `roles_by_users`.`role_id`, `roles`.`id`, `roles`.`type`, `roles`.`name` FROM `roles_by_users` INNER JOIN `users` ON (`roles_by_users`.`user_id` = `users`.`id`) INNER JOIN `roles` ON (`roles_by_users`.`role_id` = `roles`.`id`) WHERE `users`.`employee_number` = '20210004'; args=('20210004',)
2021-06-24 19:15:15,904 DEBUG (0.002) SELECT `roles_by_users`.`id`, `roles_by_users`.`user_id`, `roles_by_users`.`role_id`, `roles`.`id`, `roles`.`type`, `roles`.`name` FROM `roles_by_users` INNER JOIN `users` ON (`roles_by_users`.`user_id` = `users`.`id`) INNER JOIN `roles` ON (`roles_by_users`.`role_id` = `roles`.`id`) WHERE `users`.`employee_number` = '20210005'; args=('20210005',)
2021-06-24 19:18:32,296 DEBUG (0.000) SET SESSION TRANSACTION ISOLATION LEVEL READ COMMITTED; args=None
2021-06-24 19:18:32,299 DEBUG (0.001) SELECT `users`.`id`, `users`.`password`, `users`.`last_login`, `users`.`employee_number`, `users`.`date_of_join`, `users`.`annual_leave_id`, `users`.`registration_number`, `users`.`phone_number`, `users`.`email`, `users`.`name`, `users`.`work_type`, `users`.`salary`, `users`.`get_in_time`, `users`.`get_off_time`, `users`.`remaining_annual_leave` FROM `users` WHERE `users`.`employee_number` = '20210005' LIMIT 21; args=('20210005',)
2021-06-24 19:18:32,303 DEBUG (0.001) SELECT `roles_by_users`.`id`, `roles_by_users`.`user_id`, `roles_by_users`.`role_id`, `roles`.`id`, `roles`.`type`, `roles`.`name` FROM `roles_by_users` INNER JOIN `users` ON (`roles_by_users`.`user_id` = `users`.`id`) INNER JOIN `roles` ON (`roles_by_users`.`role_id` = `roles`.`id`) WHERE `users`.`employee_number` = '20210005'; args=('20210005',)
2021-06-24 19:18:32,308 DEBUG (0.001) SELECT `schedules`.`id`, `schedules`.`user_id`, `schedules`.`work_type`, `schedules`.`created_at`, `schedules`.`updated_at`, `schedules`.`get_in_time`, `schedules`.`get_off_time`, DATE(`schedules`.`created_at`) AS `date`, TIME(`schedules`.`created_at`) AS `attendance_time`, TIME(`schedules`.`updated_at`) AS `quitting_time`, ((TIME_TO_SEC(TIME(`schedules`.`created_at`)) * 1000000 + MICROSECOND(TIME(`schedules`.`created_at`))) - (TIME_TO_SEC(`schedules`.`get_in_time`) * 1000000 + MICROSECOND(`schedules`.`get_in_time`))) AS `late_time`, ((TIME_TO_SEC(TIME(`schedules`.`updated_at`)) * 1000000 + MICROSECOND(TIME(`schedules`.`updated_at`))) - (TIME_TO_SEC(`schedules`.`get_off_time`) * 1000000 + MICROSECOND(`schedules`.`get_off_time`))) AS `leaving_time`, ((TIME_TO_SEC(TIME(`schedules`.`updated_at`)) * 1000000 + MICROSECOND(TIME(`schedules`.`updated_at`))) - (TIME_TO_SEC(TIME(`schedules`.`created_at`)) * 1000000 + MICROSECOND(TIME(`schedules`.`created_at`)))) AS `work_time`, `users`.`id`, `users`.`password`, `users`.`last_login`, `users`.`employee_number`, `users`.`date_of_join`, `users`.`annual_leave_id`, `users`.`registration_number`, `users`.`phone_number`, `users`.`email`, `users`.`name`, `users`.`work_type`, `users`.`salary`, `users`.`get_in_time`, `users`.`get_off_time`, `users`.`remaining_annual_leave` FROM `schedules` INNER JOIN `users` ON (`schedules`.`user_id` = `users`.`id`); args=()
2021-06-24 19:18:32,311 DEBUG (0.001) SELECT `roles_by_users`.`id`, `roles_by_users`.`user_id`, `roles_by_users`.`role_id`, `roles`.`id`, `roles`.`type`, `roles`.`name` FROM `roles_by_users` INNER JOIN `users` ON (`roles_by_users`.`user_id` = `users`.`id`) INNER JOIN `roles` ON (`roles_by_users`.`role_id` = `roles`.`id`) WHERE `users`.`employee_number` = '20210003'; args=('20210003',)
2021-06-24 19:18:32,315 DEBUG (0.001) SELECT `roles_by_users`.`id`, `roles_by_users`.`user_id`, `roles_by_users`.`role_id`, `roles`.`id`, `roles`.`type`, `roles`.`name` FROM `roles_by_users` INNER JOIN `users` ON (`roles_by_users`.`user_id` = `users`.`id`) INNER JOIN `roles` ON (`roles_by_users`.`role_id` = `roles`.`id`) WHERE `users`.`employee_number` = '20210001'; args=('20210001',)
2021-06-24 19:18:32,318 DEBUG (0.002) SELECT `roles_by_users`.`id`, `roles_by_users`.`user_id`, `roles_by_users`.`role_id`, `roles`.`id`, `roles`.`type`, `roles`.`name` FROM `roles_by_users` INNER JOIN `users` ON (`roles_by_users`.`user_id` = `users`.`id`) INNER JOIN `roles` ON (`roles_by_users`.`role_id` = `roles`.`id`) WHERE `users`.`employee_number` = '20210002'; args=('20210002',)
2021-06-24 19:18:32,320 DEBUG (0.001) SELECT `roles_by_users`.`id`, `roles_by_users`.`user_id`, `roles_by_users`.`role_id`, `roles`.`id`, `roles`.`type`, `roles`.`name` FROM `roles_by_users` INNER JOIN `users` ON (`roles_by_users`.`user_id` = `users`.`id`) INNER JOIN `roles` ON (`roles_by_users`.`role_id` = `roles`.`id`) WHERE `users`.`employee_number` = '20210004'; args=('20210004',)
2021-06-24 19:18:32,322 DEBUG (0.001) SELECT `roles_by_users`.`id`, `roles_by_users`.`user_id`, `roles_by_users`.`role_id`, `roles`.`id`, `roles`.`type`, `roles`.`name` FROM `roles_by_users` INNER JOIN `users` ON (`roles_by_users`.`user_id` = `users`.`id`) INNER JOIN `roles` ON (`roles_by_users`.`role_id` = `roles`.`id`) WHERE `users`.`employee_number` = '20210005'; args=('20210005',)
2021-06-24 19:18:41,825 DEBUG (0.000) SET SESSION TRANSACTION ISOLATION LEVEL READ COMMITTED; args=None
2021-06-24 19:18:41,828 DEBUG (0.001) SELECT `users`.`id`, `users`.`password`, `users`.`last_login`, `users`.`employee_number`, `users`.`date_of_join`, `users`.`annual_leave_id`, `users`.`registration_number`, `users`.`phone_number`, `users`.`email`, `users`.`name`, `users`.`work_type`, `users`.`salary`, `users`.`get_in_time`, `users`.`get_off_time`, `users`.`remaining_annual_leave` FROM `users` WHERE `users`.`employee_number` = '20210001' LIMIT 21; args=('20210001',)
2021-06-24 19:18:41,832 DEBUG (0.001) SELECT `schedules`.`id`, `schedules`.`user_id`, `schedules`.`work_type`, `schedules`.`created_at`, `schedules`.`updated_at`, `schedules`.`get_in_time`, `schedules`.`get_off_time` FROM `schedules` WHERE (DATE(`schedules`.`created_at`) = '2021-06-24' AND `schedules`.`user_id` = 1) LIMIT 21; args=('2021-06-24', 1)
2021-06-24 19:19:27,219 DEBUG (0.000) SET SESSION TRANSACTION ISOLATION LEVEL READ COMMITTED; args=None
2021-06-24 19:19:27,220 DEBUG (0.001) SELECT `users`.`id`, `users`.`password`, `users`.`last_login`, `users`.`employee_number`, `users`.`date_of_join`, `users`.`annual_leave_id`, `users`.`registration_number`, `users`.`phone_number`, `users`.`email`, `users`.`name`, `users`.`work_type`, `users`.`salary`, `users`.`get_in_time`, `users`.`get_off_time`, `users`.`remaining_annual_leave` FROM `users` WHERE `users`.`employee_number` = '20210005' LIMIT 21; args=('20210005',)
2021-06-24 19:19:27,225 DEBUG (0.001) SELECT `schedules`.`id`, `schedules`.`user_id`, `schedules`.`work_type`, `schedules`.`created_at`, `schedules`.`updated_at`, `schedules`.`get_in_time`, `schedules`.`get_off_time` FROM `schedules` WHERE (DATE(`schedules`.`created_at`) = '2021-06-24' AND `schedules`.`user_id` = 5) LIMIT 21; args=('2021-06-24', 5)
Bad Request: /users/mypage
2021-06-24 19:19:38,088 DEBUG (0.000) SET SESSION TRANSACTION ISOLATION LEVEL READ COMMITTED; args=None
2021-06-24 19:19:38,091 DEBUG (0.001) SELECT `users`.`id`, `users`.`password`, `users`.`last_login`, `users`.`employee_number`, `users`.`date_of_join`, `users`.`annual_leave_id`, `users`.`registration_number`, `users`.`phone_number`, `users`.`email`, `users`.`name`, `users`.`work_type`, `users`.`salary`, `users`.`get_in_time`, `users`.`get_off_time`, `users`.`remaining_annual_leave` FROM `users` WHERE `users`.`employee_number` = '20210005' LIMIT 21; args=('20210005',)
2021-06-24 19:19:38,095 DEBUG (0.001) SELECT `schedules`.`id`, `schedules`.`user_id`, `schedules`.`work_type`, `schedules`.`created_at`, `schedules`.`updated_at`, `schedules`.`get_in_time`, `schedules`.`get_off_time` FROM `schedules` WHERE (DATE(`schedules`.`created_at`) = '2021-06-24' AND `schedules`.`user_id` = 5) LIMIT 21; args=('2021-06-24', 5)
2021-06-24 19:19:38,101 DEBUG (0.001) SELECT `schedules`.`id`, `schedules`.`user_id`, `schedules`.`work_type`, `schedules`.`created_at`, `schedules`.`updated_at`, `schedules`.`get_in_time`, `schedules`.`get_off_time`, ((TIME_TO_SEC(TIME(`schedules`.`updated_at`)) * 1000000 + MICROSECOND(TIME(`schedules`.`updated_at`))) - (TIME_TO_SEC(TIME(`schedules`.`created_at`)) * 1000000 + MICROSECOND(TIME(`schedules`.`created_at`)))) AS `work_time`, `users`.`id`, `users`.`password`, `users`.`last_login`, `users`.`employee_number`, `users`.`date_of_join`, `users`.`annual_leave_id`, `users`.`registration_number`, `users`.`phone_number`, `users`.`email`, `users`.`name`, `users`.`work_type`, `users`.`salary`, `users`.`get_in_time`, `users`.`get_off_time`, `users`.`remaining_annual_leave` FROM `schedules` INNER JOIN `users` ON (`schedules`.`user_id` = `users`.`id`) WHERE DATE(`schedules`.`created_at`) BETWEEN '2021-06-19' AND '2021-06-24'; args=('2021-06-19', '2021-06-24')
2021-06-24 19:19:38,108 DEBUG (0.004) SELECT CAST(SUM(DISTINCT `work_time`) AS SIGNED) FROM (SELECT ((TIME_TO_SEC(TIME(`schedules`.`updated_at`)) * 1000000 + MICROSECOND(TIME(`schedules`.`updated_at`))) - (TIME_TO_SEC(TIME(`schedules`.`created_at`)) * 1000000 + MICROSECOND(TIME(`schedules`.`created_at`)))) AS `work_time` FROM `schedules` WHERE DATE(`schedules`.`created_at`) BETWEEN '2021-06-19' AND '2021-06-24') subquery; args=('2021-06-19', '2021-06-24')
2021-06-24 19:20:05,466 DEBUG (0.000) SET SESSION TRANSACTION ISOLATION LEVEL READ COMMITTED; args=None
2021-06-24 19:20:05,470 DEBUG (0.001) SELECT `users`.`id`, `users`.`password`, `users`.`last_login`, `users`.`employee_number`, `users`.`date_of_join`, `users`.`annual_leave_id`, `users`.`registration_number`, `users`.`phone_number`, `users`.`email`, `users`.`name`, `users`.`work_type`, `users`.`salary`, `users`.`get_in_time`, `users`.`get_off_time`, `users`.`remaining_annual_leave` FROM `users` WHERE `users`.`employee_number` = '20210001' LIMIT 21; args=('20210001',)
2021-06-24 19:20:05,473 DEBUG (0.001) SELECT `schedules`.`id`, `schedules`.`user_id`, `schedules`.`work_type`, `schedules`.`created_at`, `schedules`.`updated_at`, `schedules`.`get_in_time`, `schedules`.`get_off_time` FROM `schedules` WHERE (DATE(`schedules`.`created_at`) = '2021-06-24' AND `schedules`.`user_id` = 1) LIMIT 21; args=('2021-06-24', 1)
Not Found: /static/rest_framework/css/bootstrap.min.css
Not Found: /static/rest_framework/css/bootstrap-tweaks.css
Not Found: /static/rest_framework/css/prettify.css
Not Found: /static/rest_framework/css/default.css
Not Found: /static/rest_framework/js/jquery-3.5.1.min.js
Not Found: /static/rest_framework/js/ajax-form.js
Not Found: /static/rest_framework/js/csrf.js
Not Found: /static/rest_framework/js/bootstrap.min.js
Not Found: /static/rest_framework/js/prettify-min.js
Not Found: /static/rest_framework/js/default.js
Not Found: /
Not Found: /
Not Found: /
Not Found: /
2021-06-25 09:39:42,385 DEBUG (0.001) SET SESSION TRANSACTION ISOLATION LEVEL READ COMMITTED; args=None
2021-06-25 09:39:42,386 DEBUG (0.001) SELECT `users`.`id`, `users`.`password`, `users`.`last_login`, `users`.`employee_number`, `users`.`date_of_join`, `users`.`annual_leave_id`, `users`.`registration_number`, `users`.`phone_number`, `users`.`email`, `users`.`name`, `users`.`work_type`, `users`.`salary`, `users`.`get_in_time`, `users`.`get_off_time`, `users`.`remaining_annual_leave` FROM `users` WHERE `users`.`employee_number` = '2021' LIMIT 21; args=('2021',)
Not Found: /schedules/today
2021-06-25 09:39:45,236 DEBUG (0.000) SET SESSION TRANSACTION ISOLATION LEVEL READ COMMITTED; args=None
2021-06-25 09:39:45,236 DEBUG (0.001) SELECT `users`.`id`, `users`.`password`, `users`.`last_login`, `users`.`employee_number`, `users`.`date_of_join`, `users`.`annual_leave_id`, `users`.`registration_number`, `users`.`phone_number`, `users`.`email`, `users`.`name`, `users`.`work_type`, `users`.`salary`, `users`.`get_in_time`, `users`.`get_off_time`, `users`.`remaining_annual_leave` FROM `users` WHERE `users`.`employee_number` = '20210' LIMIT 21; args=('20210',)
Not Found: /schedules/today
2021-06-25 09:39:49,328 DEBUG (0.000) SET SESSION TRANSACTION ISOLATION LEVEL READ COMMITTED; args=None
2021-06-25 09:39:49,329 DEBUG (0.001) SELECT `users`.`id`, `users`.`password`, `users`.`last_login`, `users`.`employee_number`, `users`.`date_of_join`, `users`.`annual_leave_id`, `users`.`registration_number`, `users`.`phone_number`, `users`.`email`, `users`.`name`, `users`.`work_type`, `users`.`salary`, `users`.`get_in_time`, `users`.`get_off_time`, `users`.`remaining_annual_leave` FROM `users` WHERE `users`.`employee_number` = '20210015' LIMIT 21; args=('20210015',)
Not Found: /schedules/today
2021-06-25 09:39:51,973 DEBUG (0.000) SET SESSION TRANSACTION ISOLATION LEVEL READ COMMITTED; args=None
2021-06-25 09:39:51,974 DEBUG (0.001) SELECT `users`.`id`, `users`.`password`, `users`.`last_login`, `users`.`employee_number`, `users`.`date_of_join`, `users`.`annual_leave_id`, `users`.`registration_number`, `users`.`phone_number`, `users`.`email`, `users`.`name`, `users`.`work_type`, `users`.`salary`, `users`.`get_in_time`, `users`.`get_off_time`, `users`.`remaining_annual_leave` FROM `users` WHERE `users`.`employee_number` = '20210015' LIMIT 21; args=('20210015',)
Not Found: /users/20210015/schedules
2021-06-25 09:39:52,779 DEBUG (0.000) SET SESSION TRANSACTION ISOLATION LEVEL READ COMMITTED; args=None
2021-06-25 09:39:52,780 DEBUG (0.001) SELECT `users`.`id`, `users`.`password`, `users`.`last_login`, `users`.`employee_number`, `users`.`date_of_join`, `users`.`annual_leave_id`, `users`.`registration_number`, `users`.`phone_number`, `users`.`email`, `users`.`name`, `users`.`work_type`, `users`.`salary`, `users`.`get_in_time`, `users`.`get_off_time`, `users`.`remaining_annual_leave` FROM `users` WHERE `users`.`employee_number` = '20210015' LIMIT 21; args=('20210015',)
Not Found: /schedules/today
Unauthorized: /schedules
2021-06-25 09:45:24,485 DEBUG (0.000) SET SESSION TRANSACTION ISOLATION LEVEL READ COMMITTED; args=None
2021-06-25 09:45:24,486 DEBUG (0.001) SELECT `users`.`id`, `users`.`password`, `users`.`last_login`, `users`.`employee_number`, `users`.`date_of_join`, `users`.`annual_leave_id`, `users`.`registration_number`, `users`.`phone_number`, `users`.`email`, `users`.`name`, `users`.`work_type`, `users`.`salary`, `users`.`get_in_time`, `users`.`get_off_time`, `users`.`remaining_annual_leave` FROM `users` WHERE `users`.`employee_number` = '20210003' LIMIT 21; args=('20210003',)
2021-06-25 09:45:24,491 DEBUG (0.004) SELECT `schedules`.`id`, `schedules`.`user_id`, `schedules`.`work_type`, `schedules`.`created_at`, `schedules`.`updated_at`, `schedules`.`get_in_time`, `schedules`.`get_off_time` FROM `schedules` WHERE (DATE(`schedules`.`created_at`) = '2021-06-25' AND `schedules`.`user_id` = 3) LIMIT 21; args=('2021-06-25', 3)
2021-06-25 09:45:24,497 DEBUG (0.006) INSERT INTO `schedules` (`user_id`, `work_type`, `created_at`, `updated_at`, `get_in_time`, `get_off_time`) VALUES (3, '정상근무', '2021-06-25 09:45:24.486834', NULL, '10:00:00', '19:00:00'); args=[3, '정상근무', '2021-06-25 09:45:24.486834', None, '10:00:00', '19:00:00']
2021-06-25 09:45:32,791 DEBUG (0.000) SET SESSION TRANSACTION ISOLATION LEVEL READ COMMITTED; args=None
2021-06-25 09:45:32,792 DEBUG (0.001) SELECT `users`.`id`, `users`.`password`, `users`.`last_login`, `users`.`employee_number`, `users`.`date_of_join`, `users`.`annual_leave_id`, `users`.`registration_number`, `users`.`phone_number`, `users`.`email`, `users`.`name`, `users`.`work_type`, `users`.`salary`, `users`.`get_in_time`, `users`.`get_off_time`, `users`.`remaining_annual_leave` FROM `users` WHERE `users`.`employee_number` = '20210003' LIMIT 21; args=('20210003',)
2021-06-25 09:45:32,794 DEBUG (0.001) SELECT `schedules`.`id`, `schedules`.`user_id`, `schedules`.`work_type`, `schedules`.`created_at`, `schedules`.`updated_at`, `schedules`.`get_in_time`, `schedules`.`get_off_time` FROM `schedules` WHERE (DATE(`schedules`.`created_at`) = '2021-06-25' AND `schedules`.`user_id` = 3) LIMIT 21; args=('2021-06-25', 3)
2021-06-25 09:45:41,486 DEBUG (0.000) SET SESSION TRANSACTION ISOLATION LEVEL READ COMMITTED; args=None
2021-06-25 09:45:41,487 DEBUG (0.001) SELECT `users`.`id`, `users`.`password`, `users`.`last_login`, `users`.`employee_number`, `users`.`date_of_join`, `users`.`annual_leave_id`, `users`.`registration_number`, `users`.`phone_number`, `users`.`email`, `users`.`name`, `users`.`work_type`, `users`.`salary`, `users`.`get_in_time`, `users`.`get_off_time`, `users`.`remaining_annual_leave` FROM `users` WHERE `users`.`employee_number` = '20210004' LIMIT 21; args=('20210004',)
2021-06-25 09:45:41,488 DEBUG (0.001) SELECT `schedules`.`id`, `schedules`.`user_id`, `schedules`.`work_type`, `schedules`.`created_at`, `schedules`.`updated_at`, `schedules`.`get_in_time`, `schedules`.`get_off_time` FROM `schedules` WHERE (DATE(`schedules`.`created_at`) = '2021-06-25' AND `schedules`.`user_id` = 4) LIMIT 21; args=('2021-06-25', 4)
2021-06-25 09:45:41,494 DEBUG (0.005) INSERT INTO `schedules` (`user_id`, `work_type`, `created_at`, `updated_at`, `get_in_time`, `get_off_time`) VALUES (4, '정상근무', '2021-06-25 09:45:41.487394', NULL, '08:00:00', '17:00:00'); args=[4, '정상근무', '2021-06-25 09:45:41.487394', None, '08:00:00', '17:00:00']
2021-06-25 09:45:45,177 DEBUG (0.000) SET SESSION TRANSACTION ISOLATION LEVEL READ COMMITTED; args=None
2021-06-25 09:45:45,178 DEBUG (0.001) SELECT `users`.`id`, `users`.`password`, `users`.`last_login`, `users`.`employee_number`, `users`.`date_of_join`, `users`.`annual_leave_id`, `users`.`registration_number`, `users`.`phone_number`, `users`.`email`, `users`.`name`, `users`.`work_type`, `users`.`salary`, `users`.`get_in_time`, `users`.`get_off_time`, `users`.`remaining_annual_leave` FROM `users` WHERE `users`.`employee_number` = '20210005' LIMIT 21; args=('20210005',)
2021-06-25 09:45:45,180 DEBUG (0.001) SELECT `schedules`.`id`, `schedules`.`user_id`, `schedules`.`work_type`, `schedules`.`created_at`, `schedules`.`updated_at`, `schedules`.`get_in_time`, `schedules`.`get_off_time` FROM `schedules` WHERE (DATE(`schedules`.`created_at`) = '2021-06-25' AND `schedules`.`user_id` = 5) LIMIT 21; args=('2021-06-25', 5)
2021-06-25 09:45:45,185 DEBUG (0.004) INSERT INTO `schedules` (`user_id`, `work_type`, `created_at`, `updated_at`, `get_in_time`, `get_off_time`) VALUES (5, '정상근무', '2021-06-25 09:45:45.179002', NULL, '10:00:00', '19:00:00'); args=[5, '정상근무', '2021-06-25 09:45:45.179002', None, '10:00:00', '19:00:00']
2021-06-25 09:45:53,798 DEBUG (0.000) SET SESSION TRANSACTION ISOLATION LEVEL READ COMMITTED; args=None
2021-06-25 09:45:53,799 DEBUG (0.001) SELECT `users`.`id`, `users`.`password`, `users`.`last_login`, `users`.`employee_number`, `users`.`date_of_join`, `users`.`annual_leave_id`, `users`.`registration_number`, `users`.`phone_number`, `users`.`email`, `users`.`name`, `users`.`work_type`, `users`.`salary`, `users`.`get_in_time`, `users`.`get_off_time`, `users`.`remaining_annual_leave` FROM `users` WHERE `users`.`employee_number` = '20210005' LIMIT 21; args=('20210005',)
2021-06-25 09:45:53,801 DEBUG (0.001) SELECT `roles_by_users`.`id`, `roles_by_users`.`user_id`, `roles_by_users`.`role_id`, `roles`.`id`, `roles`.`type`, `roles`.`name` FROM `roles_by_users` INNER JOIN `users` ON (`roles_by_users`.`user_id` = `users`.`id`) INNER JOIN `roles` ON (`roles_by_users`.`role_id` = `roles`.`id`) WHERE `users`.`employee_number` = '20210005'; args=('20210005',)
2021-06-25 09:45:53,806 DEBUG (0.004) SELECT `schedules`.`id`, `schedules`.`user_id`, `schedules`.`work_type`, `schedules`.`created_at`, `schedules`.`updated_at`, `schedules`.`get_in_time`, `schedules`.`get_off_time`, DATE(`schedules`.`created_at`) AS `date`, TIME(`schedules`.`created_at`) AS `attendance_time`, TIME(`schedules`.`updated_at`) AS `quitting_time`, ((TIME_TO_SEC(TIME(`schedules`.`created_at`)) * 1000000 + MICROSECOND(TIME(`schedules`.`created_at`))) - (TIME_TO_SEC(`schedules`.`get_in_time`) * 1000000 + MICROSECOND(`schedules`.`get_in_time`))) AS `late_time`, ((TIME_TO_SEC(TIME(`schedules`.`updated_at`)) * 1000000 + MICROSECOND(TIME(`schedules`.`updated_at`))) - (TIME_TO_SEC(`schedules`.`get_off_time`) * 1000000 + MICROSECOND(`schedules`.`get_off_time`))) AS `leaving_time`, ((TIME_TO_SEC(TIME(`schedules`.`updated_at`)) * 1000000 + MICROSECOND(TIME(`schedules`.`updated_at`))) - (TIME_TO_SEC(TIME(`schedules`.`created_at`)) * 1000000 + MICROSECOND(TIME(`schedules`.`created_at`)))) AS `work_time`, `users`.`id`, `users`.`password`, `users`.`last_login`, `users`.`employee_number`, `users`.`date_of_join`, `users`.`annual_leave_id`, `users`.`registration_number`, `users`.`phone_number`, `users`.`email`, `users`.`name`, `users`.`work_type`, `users`.`salary`, `users`.`get_in_time`, `users`.`get_off_time`, `users`.`remaining_annual_leave` FROM `schedules` INNER JOIN `users` ON (`schedules`.`user_id` = `users`.`id`); args=()
2021-06-25 09:45:53,808 DEBUG (0.001) SELECT `roles_by_users`.`id`, `roles_by_users`.`user_id`, `roles_by_users`.`role_id`, `roles`.`id`, `roles`.`type`, `roles`.`name` FROM `roles_by_users` INNER JOIN `users` ON (`roles_by_users`.`user_id` = `users`.`id`) INNER JOIN `roles` ON (`roles_by_users`.`role_id` = `roles`.`id`) WHERE `users`.`employee_number` = '20210001'; args=('20210001',)
2021-06-25 09:45:53,809 DEBUG (0.001) SELECT `roles_by_users`.`id`, `roles_by_users`.`user_id`, `roles_by_users`.`role_id`, `roles`.`id`, `roles`.`type`, `roles`.`name` FROM `roles_by_users` INNER JOIN `users` ON (`roles_by_users`.`user_id` = `users`.`id`) INNER JOIN `roles` ON (`roles_by_users`.`role_id` = `roles`.`id`) WHERE `users`.`employee_number` = '20210002'; args=('20210002',)
2021-06-25 09:45:53,811 DEBUG (0.001) SELECT `roles_by_users`.`id`, `roles_by_users`.`user_id`, `roles_by_users`.`role_id`, `roles`.`id`, `roles`.`type`, `roles`.`name` FROM `roles_by_users` INNER JOIN `users` ON (`roles_by_users`.`user_id` = `users`.`id`) INNER JOIN `roles` ON (`roles_by_users`.`role_id` = `roles`.`id`) WHERE `users`.`employee_number` = '20210003'; args=('20210003',)
2021-06-25 09:45:53,812 DEBUG (0.001) SELECT `roles_by_users`.`id`, `roles_by_users`.`user_id`, `roles_by_users`.`role_id`, `roles`.`id`, `roles`.`type`, `roles`.`name` FROM `roles_by_users` INNER JOIN `users` ON (`roles_by_users`.`user_id` = `users`.`id`) INNER JOIN `roles` ON (`roles_by_users`.`role_id` = `roles`.`id`) WHERE `users`.`employee_number` = '20210003'; args=('20210003',)
2021-06-25 09:45:53,814 DEBUG (0.001) SELECT `roles_by_users`.`id`, `roles_by_users`.`user_id`, `roles_by_users`.`role_id`, `roles`.`id`, `roles`.`type`, `roles`.`name` FROM `roles_by_users` INNER JOIN `users` ON (`roles_by_users`.`user_id` = `users`.`id`) INNER JOIN `roles` ON (`roles_by_users`.`role_id` = `roles`.`id`) WHERE `users`.`employee_number` = '20210004'; args=('20210004',)
2021-06-25 09:45:53,815 DEBUG (0.001) SELECT `roles_by_users`.`id`, `roles_by_users`.`user_id`, `roles_by_users`.`role_id`, `roles`.`id`, `roles`.`type`, `roles`.`name` FROM `roles_by_users` INNER JOIN `users` ON (`roles_by_users`.`user_id` = `users`.`id`) INNER JOIN `roles` ON (`roles_by_users`.`role_id` = `roles`.`id`) WHERE `users`.`employee_number` = '20210004'; args=('20210004',)
2021-06-25 09:45:53,817 DEBUG (0.001) SELECT `roles_by_users`.`id`, `roles_by_users`.`user_id`, `roles_by_users`.`role_id`, `roles`.`id`, `roles`.`type`, `roles`.`name` FROM `roles_by_users` INNER JOIN `users` ON (`roles_by_users`.`user_id` = `users`.`id`) INNER JOIN `roles` ON (`roles_by_users`.`role_id` = `roles`.`id`) WHERE `users`.`employee_number` = '20210005'; args=('20210005',)
2021-06-25 09:45:53,818 DEBUG (0.001) SELECT `roles_by_users`.`id`, `roles_by_users`.`user_id`, `roles_by_users`.`role_id`, `roles`.`id`, `roles`.`type`, `roles`.`name` FROM `roles_by_users` INNER JOIN `users` ON (`roles_by_users`.`user_id` = `users`.`id`) INNER JOIN `roles` ON (`roles_by_users`.`role_id` = `roles`.`id`) WHERE `users`.`employee_number` = '20210005'; args=('20210005',)
2021-06-25 09:53:15,435 DEBUG (0.000) SET SESSION TRANSACTION ISOLATION LEVEL READ COMMITTED; args=None
2021-06-25 09:53:15,440 DEBUG (0.001) SELECT `users`.`id`, `users`.`password`, `users`.`last_login`, `users`.`employee_number`, `users`.`date_of_join`, `users`.`annual_leave_id`, `users`.`registration_number`, `users`.`phone_number`, `users`.`email`, `users`.`name`, `users`.`work_type`, `users`.`salary`, `users`.`get_in_time`, `users`.`get_off_time`, `users`.`remaining_annual_leave` FROM `users` WHERE `users`.`employee_number` = '20210015' LIMIT 21; args=('20210015',)
Not Found: /schedules/today
2021-06-25 09:53:20,550 DEBUG (0.000) SET SESSION TRANSACTION ISOLATION LEVEL READ COMMITTED; args=None
2021-06-25 09:53:20,554 DEBUG (0.001) SELECT `users`.`id`, `users`.`password`, `users`.`last_login`, `users`.`employee_number`, `users`.`date_of_join`, `users`.`annual_leave_id`, `users`.`registration_number`, `users`.`phone_number`, `users`.`email`, `users`.`name`, `users`.`work_type`, `users`.`salary`, `users`.`get_in_time`, `users`.`get_off_time`, `users`.`remaining_annual_leave` FROM `users` WHERE `users`.`employee_number` = '20210002' LIMIT 21; args=('20210002',)
2021-06-25 09:53:20,558 DEBUG (0.003) SELECT `schedules`.`id`, `schedules`.`user_id`, `schedules`.`work_type`, `schedules`.`created_at`, `schedules`.`updated_at`, `schedules`.`get_in_time`, `schedules`.`get_off_time` FROM `schedules` WHERE (DATE(`schedules`.`created_at`) = '2021-06-25' AND `schedules`.`user_id` = 2) LIMIT 21; args=('2021-06-25', 2)
2021-06-25 09:53:21,789 DEBUG (0.000) SET SESSION TRANSACTION ISOLATION LEVEL READ COMMITTED; args=None
2021-06-25 09:53:21,794 DEBUG (0.001) SELECT `users`.`id`, `users`.`password`, `users`.`last_login`, `users`.`employee_number`, `users`.`date_of_join`, `users`.`annual_leave_id`, `users`.`registration_number`, `users`.`phone_number`, `users`.`email`, `users`.`name`, `users`.`work_type`, `users`.`salary`, `users`.`get_in_time`, `users`.`get_off_time`, `users`.`remaining_annual_leave` FROM `users` WHERE `users`.`employee_number` = '20210002' LIMIT 21; args=('20210002',)
2021-06-25 09:53:21,797 DEBUG (0.002) SELECT `schedules`.`id`, `schedules`.`user_id`, `schedules`.`work_type`, `schedules`.`created_at`, `schedules`.`updated_at`, `schedules`.`get_in_time`, `schedules`.`get_off_time` FROM `schedules` WHERE (DATE(`schedules`.`created_at`) = '2021-06-25' AND `schedules`.`user_id` = 2) LIMIT 21; args=('2021-06-25', 2)
2021-06-25 09:53:21,803 DEBUG (0.005) INSERT INTO `schedules` (`user_id`, `work_type`, `created_at`, `updated_at`, `get_in_time`, `get_off_time`) VALUES (2, '정상근무', '2021-06-25 09:53:21.794478', NULL, '09:00:00', '18:00:00'); args=[2, '정상근무', '2021-06-25 09:53:21.794478', None, '09:00:00', '18:00:00']
2021-06-25 09:53:22,597 DEBUG (0.001) SET SESSION TRANSACTION ISOLATION LEVEL READ COMMITTED; args=None
2021-06-25 09:53:22,601 DEBUG (0.001) SELECT `users`.`id`, `users`.`password`, `users`.`last_login`, `users`.`employee_number`, `users`.`date_of_join`, `users`.`annual_leave_id`, `users`.`registration_number`, `users`.`phone_number`, `users`.`email`, `users`.`name`, `users`.`work_type`, `users`.`salary`, `users`.`get_in_time`, `users`.`get_off_time`, `users`.`remaining_annual_leave` FROM `users` WHERE `users`.`employee_number` = '20210002' LIMIT 21; args=('20210002',)
2021-06-25 09:53:22,606 DEBUG (0.002) SELECT `schedules`.`id`, `schedules`.`user_id`, `schedules`.`work_type`, `schedules`.`created_at`, `schedules`.`updated_at`, `schedules`.`get_in_time`, `schedules`.`get_off_time` FROM `schedules` WHERE (DATE(`schedules`.`created_at`) = '2021-06-25' AND `schedules`.`user_id` = 2) LIMIT 21; args=('2021-06-25', 2)
Not Found: /
2021-06-25 10:07:49,175 DEBUG (0.001) SET SESSION TRANSACTION ISOLATION LEVEL READ COMMITTED; args=None
2021-06-25 10:07:49,185 DEBUG (0.003) SELECT `users`.`id`, `users`.`password`, `users`.`last_login`, `users`.`employee_number`, `users`.`date_of_join`, `users`.`annual_leave_id`, `users`.`registration_number`, `users`.`phone_number`, `users`.`email`, `users`.`name`, `users`.`work_type`, `users`.`salary`, `users`.`get_in_time`, `users`.`get_off_time`, `users`.`remaining_annual_leave` FROM `users` WHERE `users`.`employee_number` = '20210002' LIMIT 21; args=('20210002',)
2021-06-25 10:07:49,387 DEBUG (0.002) SELECT `roles_by_users`.`id`, `roles_by_users`.`user_id`, `roles_by_users`.`role_id`, `users`.`id`, `users`.`password`, `users`.`last_login`, `users`.`employee_number`, `users`.`date_of_join`, `users`.`annual_leave_id`, `users`.`registration_number`, `users`.`phone_number`, `users`.`email`, `users`.`name`, `users`.`work_type`, `users`.`salary`, `users`.`get_in_time`, `users`.`get_off_time`, `users`.`remaining_annual_leave` FROM `roles_by_users` INNER JOIN `users` ON (`roles_by_users`.`user_id` = `users`.`id`) WHERE `users`.`employee_number` = '20210002'; args=('20210002',)
2021-06-25 10:07:49,392 DEBUG (0.001) SELECT `roles`.`id`, `roles`.`type`, `roles`.`name` FROM `roles` WHERE `roles`.`id` = 2 LIMIT 21; args=(2,)
2021-06-25 10:07:49,408 DEBUG (0.014) SELECT `permissions_by_roles`.`id`, `permissions_by_roles`.`permission_id`, `permissions_by_roles`.`role_id` FROM `permissions_by_roles` WHERE `permissions_by_roles`.`role_id` = 2 ORDER BY `permissions_by_roles`.`id` ASC LIMIT 1; args=(2,)
2021-06-25 10:07:49,411 DEBUG (0.003) SELECT `roles`.`id`, `roles`.`type`, `roles`.`name` FROM `roles` WHERE `roles`.`id` = 3 LIMIT 21; args=(3,)
2021-06-25 10:07:49,413 DEBUG (0.001) SELECT `permissions_by_roles`.`id`, `permissions_by_roles`.`permission_id`, `permissions_by_roles`.`role_id` FROM `permissions_by_roles` WHERE `permissions_by_roles`.`role_id` = 3 ORDER BY `permissions_by_roles`.`id` ASC LIMIT 1; args=(3,)
2021-06-25 10:08:21,240 DEBUG (0.000) SET SESSION TRANSACTION ISOLATION LEVEL READ COMMITTED; args=None
2021-06-25 10:08:21,243 DEBUG (0.001) SELECT `users`.`id`, `users`.`password`, `users`.`last_login`, `users`.`employee_number`, `users`.`date_of_join`, `users`.`annual_leave_id`, `users`.`registration_number`, `users`.`phone_number`, `users`.`email`, `users`.`name`, `users`.`work_type`, `users`.`salary`, `users`.`get_in_time`, `users`.`get_off_time`, `users`.`remaining_annual_leave` FROM `users` WHERE `users`.`employee_number` = '20210005' LIMIT 21; args=('20210005',)
2021-06-25 10:08:21,438 DEBUG (0.001) SELECT `roles_by_users`.`id`, `roles_by_users`.`user_id`, `roles_by_users`.`role_id`, `users`.`id`, `users`.`password`, `users`.`last_login`, `users`.`employee_number`, `users`.`date_of_join`, `users`.`annual_leave_id`, `users`.`registration_number`, `users`.`phone_number`, `users`.`email`, `users`.`name`, `users`.`work_type`, `users`.`salary`, `users`.`get_in_time`, `users`.`get_off_time`, `users`.`remaining_annual_leave` FROM `roles_by_users` INNER JOIN `users` ON (`roles_by_users`.`user_id` = `users`.`id`) WHERE `users`.`employee_number` = '20210005'; args=('20210005',)
2021-06-25 10:08:21,443 DEBUG (0.001) SELECT `roles`.`id`, `roles`.`type`, `roles`.`name` FROM `roles` WHERE `roles`.`id` = 2 LIMIT 21; args=(2,)
2021-06-25 10:08:21,447 DEBUG (0.001) SELECT `permissions_by_roles`.`id`, `permissions_by_roles`.`permission_id`, `permissions_by_roles`.`role_id` FROM `permissions_by_roles` WHERE `permissions_by_roles`.`role_id` = 2 ORDER BY `permissions_by_roles`.`id` ASC LIMIT 1; args=(2,)
2021-06-25 10:08:21,450 DEBUG (0.002) SELECT `roles`.`id`, `roles`.`type`, `roles`.`name` FROM `roles` WHERE `roles`.`id` = 5 LIMIT 21; args=(5,)
2021-06-25 10:08:21,452 DEBUG (0.001) SELECT `permissions_by_roles`.`id`, `permissions_by_roles`.`permission_id`, `permissions_by_roles`.`role_id` FROM `permissions_by_roles` WHERE `permissions_by_roles`.`role_id` = 5 ORDER BY `permissions_by_roles`.`id` ASC LIMIT 1; args=(5,)
2021-06-25 10:08:21,453 DEBUG (0.001) SELECT `roles`.`id`, `roles`.`type`, `roles`.`name` FROM `roles` WHERE `roles`.`id` = 1 LIMIT 21; args=(1,)
2021-06-25 10:08:21,455 DEBUG (0.001) SELECT `permissions_by_roles`.`id`, `permissions_by_roles`.`permission_id`, `permissions_by_roles`.`role_id` FROM `permissions_by_roles` WHERE `permissions_by_roles`.`role_id` = 1 ORDER BY `permissions_by_roles`.`id` ASC LIMIT 1; args=(1,)
2021-06-25 10:08:21,457 DEBUG (0.001) SELECT `permissions`.`id`, `permissions`.`url`, `permissions`.`method` FROM `permissions` WHERE `permissions`.`id` = 1 LIMIT 21; args=(1,)
2021-06-25 10:10:43,094 DEBUG (0.000) SET SESSION TRANSACTION ISOLATION LEVEL READ COMMITTED; args=None
2021-06-25 10:10:43,098 DEBUG (0.001) SELECT `users`.`id`, `users`.`password`, `users`.`last_login`, `users`.`employee_number`, `users`.`date_of_join`, `users`.`annual_leave_id`, `users`.`registration_number`, `users`.`phone_number`, `users`.`email`, `users`.`name`, `users`.`work_type`, `users`.`salary`, `users`.`get_in_time`, `users`.`get_off_time`, `users`.`remaining_annual_leave` FROM `users` WHERE `users`.`employee_number` = '20210005' LIMIT 21; args=('20210005',)
2021-06-25 10:10:43,101 DEBUG (0.001) SELECT `schedules`.`id`, `schedules`.`user_id`, `schedules`.`work_type`, `schedules`.`created_at`, `schedules`.`updated_at`, `schedules`.`get_in_time`, `schedules`.`get_off_time` FROM `schedules` WHERE (DATE(`schedules`.`created_at`) = '2021-06-25' AND `schedules`.`user_id` = 5) LIMIT 21; args=('2021-06-25', 5)
2021-06-25 10:10:43,106 DEBUG (0.003) SELECT `schedules`.`id`, `schedules`.`user_id`, `schedules`.`work_type`, `schedules`.`created_at`, `schedules`.`updated_at`, `schedules`.`get_in_time`, `schedules`.`get_off_time`, ((TIME_TO_SEC(TIME(`schedules`.`updated_at`)) * 1000000 + MICROSECOND(TIME(`schedules`.`updated_at`))) - (TIME_TO_SEC(TIME(`schedules`.`created_at`)) * 1000000 + MICROSECOND(TIME(`schedules`.`created_at`)))) AS `work_time`, `users`.`id`, `users`.`password`, `users`.`last_login`, `users`.`employee_number`, `users`.`date_of_join`, `users`.`annual_leave_id`, `users`.`registration_number`, `users`.`phone_number`, `users`.`email`, `users`.`name`, `users`.`work_type`, `users`.`salary`, `users`.`get_in_time`, `users`.`get_off_time`, `users`.`remaining_annual_leave` FROM `schedules` INNER JOIN `users` ON (`schedules`.`user_id` = `users`.`id`) WHERE DATE(`schedules`.`created_at`) BETWEEN '2021-06-19' AND '2021-06-24'; args=('2021-06-19', '2021-06-24')
2021-06-25 10:10:43,112 DEBUG (0.005) SELECT CAST(SUM(DISTINCT `work_time`) AS SIGNED) FROM (SELECT ((TIME_TO_SEC(TIME(`schedules`.`updated_at`)) * 1000000 + MICROSECOND(TIME(`schedules`.`updated_at`))) - (TIME_TO_SEC(TIME(`schedules`.`created_at`)) * 1000000 + MICROSECOND(TIME(`schedules`.`created_at`)))) AS `work_time` FROM `schedules` WHERE DATE(`schedules`.`created_at`) BETWEEN '2021-06-19' AND '2021-06-24') subquery; args=('2021-06-19', '2021-06-24')
2021-06-25 10:11:04,759 DEBUG (0.000) SET SESSION TRANSACTION ISOLATION LEVEL READ COMMITTED; args=None
2021-06-25 10:11:04,763 DEBUG (0.001) SELECT `users`.`id`, `users`.`password`, `users`.`last_login`, `users`.`employee_number`, `users`.`date_of_join`, `users`.`annual_leave_id`, `users`.`registration_number`, `users`.`phone_number`, `users`.`email`, `users`.`name`, `users`.`work_type`, `users`.`salary`, `users`.`get_in_time`, `users`.`get_off_time`, `users`.`remaining_annual_leave` FROM `users` WHERE `users`.`employee_number` = '20210002' LIMIT 21; args=('20210002',)
2021-06-25 10:11:04,955 DEBUG (0.001) SELECT `roles_by_users`.`id`, `roles_by_users`.`user_id`, `roles_by_users`.`role_id`, `users`.`id`, `users`.`password`, `users`.`last_login`, `users`.`employee_number`, `users`.`date_of_join`, `users`.`annual_leave_id`, `users`.`registration_number`, `users`.`phone_number`, `users`.`email`, `users`.`name`, `users`.`work_type`, `users`.`salary`, `users`.`get_in_time`, `users`.`get_off_time`, `users`.`remaining_annual_leave` FROM `roles_by_users` INNER JOIN `users` ON (`roles_by_users`.`user_id` = `users`.`id`) WHERE `users`.`employee_number` = '20210002'; args=('20210002',)
2021-06-25 10:11:04,959 DEBUG (0.001) SELECT `roles`.`id`, `roles`.`type`, `roles`.`name` FROM `roles` WHERE `roles`.`id` = 2 LIMIT 21; args=(2,)
2021-06-25 10:11:04,964 DEBUG (0.001) SELECT `permissions_by_roles`.`id`, `permissions_by_roles`.`permission_id`, `permissions_by_roles`.`role_id` FROM `permissions_by_roles` WHERE `permissions_by_roles`.`role_id` = 2 ORDER BY `permissions_by_roles`.`id` ASC LIMIT 1; args=(2,)
2021-06-25 10:11:04,967 DEBUG (0.002) SELECT `roles`.`id`, `roles`.`type`, `roles`.`name` FROM `roles` WHERE `roles`.`id` = 3 LIMIT 21; args=(3,)
2021-06-25 10:11:04,969 DEBUG (0.001) SELECT `permissions_by_roles`.`id`, `permissions_by_roles`.`permission_id`, `permissions_by_roles`.`role_id` FROM `permissions_by_roles` WHERE `permissions_by_roles`.`role_id` = 3 ORDER BY `permissions_by_roles`.`id` ASC LIMIT 1; args=(3,)
2021-06-25 10:12:15,461 DEBUG (0.000) SET SESSION TRANSACTION ISOLATION LEVEL READ COMMITTED; args=None
2021-06-25 10:12:15,465 DEBUG (0.001) SELECT `users`.`id`, `users`.`password`, `users`.`last_login`, `users`.`employee_number`, `users`.`date_of_join`, `users`.`annual_leave_id`, `users`.`registration_number`, `users`.`phone_number`, `users`.`email`, `users`.`name`, `users`.`work_type`, `users`.`salary`, `users`.`get_in_time`, `users`.`get_off_time`, `users`.`remaining_annual_leave` FROM `users` WHERE `users`.`employee_number` = '20210002' LIMIT 21; args=('20210002',)
2021-06-25 10:12:15,652 DEBUG (0.001) SELECT `roles_by_users`.`id`, `roles_by_users`.`user_id`, `roles_by_users`.`role_id`, `users`.`id`, `users`.`password`, `users`.`last_login`, `users`.`employee_number`, `users`.`date_of_join`, `users`.`annual_leave_id`, `users`.`registration_number`, `users`.`phone_number`, `users`.`email`, `users`.`name`, `users`.`work_type`, `users`.`salary`, `users`.`get_in_time`, `users`.`get_off_time`, `users`.`remaining_annual_leave` FROM `roles_by_users` INNER JOIN `users` ON (`roles_by_users`.`user_id` = `users`.`id`) WHERE `users`.`employee_number` = '20210002'; args=('20210002',)
2021-06-25 10:12:15,657 DEBUG (0.001) SELECT `roles`.`id`, `roles`.`type`, `roles`.`name` FROM `roles` WHERE `roles`.`id` = 2 LIMIT 21; args=(2,)
2021-06-25 10:12:15,660 DEBUG (0.001) SELECT `permissions_by_roles`.`id`, `permissions_by_roles`.`permission_id`, `permissions_by_roles`.`role_id` FROM `permissions_by_roles` WHERE `permissions_by_roles`.`role_id` = 2 ORDER BY `permissions_by_roles`.`id` ASC LIMIT 1; args=(2,)
2021-06-25 10:12:15,665 DEBUG (0.004) SELECT `roles`.`id`, `roles`.`type`, `roles`.`name` FROM `roles` WHERE `roles`.`id` = 3 LIMIT 21; args=(3,)
2021-06-25 10:12:15,667 DEBUG (0.001) SELECT `permissions_by_roles`.`id`, `permissions_by_roles`.`permission_id`, `permissions_by_roles`.`role_id` FROM `permissions_by_roles` WHERE `permissions_by_roles`.`role_id` = 3 ORDER BY `permissions_by_roles`.`id` ASC LIMIT 1; args=(3,)
Not Found: /console/login/LoginForm.jsp
2021-06-25 10:34:35,197 DEBUG (0.000) SET SESSION TRANSACTION ISOLATION LEVEL READ COMMITTED; args=None
2021-06-25 10:34:35,201 DEBUG (0.001) SELECT `users`.`id`, `users`.`password`, `users`.`last_login`, `users`.`employee_number`, `users`.`date_of_join`, `users`.`annual_leave_id`, `users`.`registration_number`, `users`.`phone_number`, `users`.`email`, `users`.`name`, `users`.`work_type`, `users`.`salary`, `users`.`get_in_time`, `users`.`get_off_time`, `users`.`remaining_annual_leave` FROM `users` WHERE `users`.`employee_number` = '2021' LIMIT 21; args=('2021',)
Not Found: /schedules/today
2021-06-25 10:34:40,323 DEBUG (0.000) SET SESSION TRANSACTION ISOLATION LEVEL READ COMMITTED; args=None
2021-06-25 10:34:40,328 DEBUG (0.001) SELECT `users`.`id`, `users`.`password`, `users`.`last_login`, `users`.`employee_number`, `users`.`date_of_join`, `users`.`annual_leave_id`, `users`.`registration_number`, `users`.`phone_number`, `users`.`email`, `users`.`name`, `users`.`work_type`, `users`.`salary`, `users`.`get_in_time`, `users`.`get_off_time`, `users`.`remaining_annual_leave` FROM `users` WHERE `users`.`employee_number` = '20210002' LIMIT 21; args=('20210002',)
2021-06-25 10:34:40,332 DEBUG (0.001) SELECT `schedules`.`id`, `schedules`.`user_id`, `schedules`.`work_type`, `schedules`.`created_at`, `schedules`.`updated_at`, `schedules`.`get_in_time`, `schedules`.`get_off_time` FROM `schedules` WHERE (DATE(`schedules`.`created_at`) = '2021-06-25' AND `schedules`.`user_id` = 2) LIMIT 21; args=('2021-06-25', 2)
2021-06-25 10:34:48,360 DEBUG (0.000) SET SESSION TRANSACTION ISOLATION LEVEL READ COMMITTED; args=None
2021-06-25 10:34:48,364 DEBUG (0.001) SELECT `users`.`id`, `users`.`password`, `users`.`last_login`, `users`.`employee_number`, `users`.`date_of_join`, `users`.`annual_leave_id`, `users`.`registration_number`, `users`.`phone_number`, `users`.`email`, `users`.`name`, `users`.`work_type`, `users`.`salary`, `users`.`get_in_time`, `users`.`get_off_time`, `users`.`remaining_annual_leave` FROM `users` WHERE `users`.`employee_number` = '20210001' LIMIT 21; args=('20210001',)
2021-06-25 10:34:48,369 DEBUG (0.001) SELECT `schedules`.`id`, `schedules`.`user_id`, `schedules`.`work_type`, `schedules`.`created_at`, `schedules`.`updated_at`, `schedules`.`get_in_time`, `schedules`.`get_off_time` FROM `schedules` WHERE (DATE(`schedules`.`created_at`) = '2021-06-25' AND `schedules`.`user_id` = 1) LIMIT 21; args=('2021-06-25', 1)
2021-06-25 10:34:51,648 DEBUG (0.000) SET SESSION TRANSACTION ISOLATION LEVEL READ COMMITTED; args=None
2021-06-25 10:34:51,652 DEBUG (0.001) SELECT `users`.`id`, `users`.`password`, `users`.`last_login`, `users`.`employee_number`, `users`.`date_of_join`, `users`.`annual_leave_id`, `users`.`registration_number`, `users`.`phone_number`, `users`.`email`, `users`.`name`, `users`.`work_type`, `users`.`salary`, `users`.`get_in_time`, `users`.`get_off_time`, `users`.`remaining_annual_leave` FROM `users` WHERE `users`.`employee_number` = '' LIMIT 21; args=('',)
Not Found: /schedules/today
2021-06-25 10:36:33,076 DEBUG (0.000) SET SESSION TRANSACTION ISOLATION LEVEL READ COMMITTED; args=None
2021-06-25 10:36:33,079 DEBUG (0.001) SELECT `users`.`id`, `users`.`password`, `users`.`last_login`, `users`.`employee_number`, `users`.`date_of_join`, `users`.`annual_leave_id`, `users`.`registration_number`, `users`.`phone_number`, `users`.`email`, `users`.`name`, `users`.`work_type`, `users`.`salary`, `users`.`get_in_time`, `users`.`get_off_time`, `users`.`remaining_annual_leave` FROM `users` WHERE `users`.`employee_number` = '20210002' LIMIT 21; args=('20210002',)
2021-06-25 10:36:33,083 DEBUG (0.002) SELECT `schedules`.`id`, `schedules`.`user_id`, `schedules`.`work_type`, `schedules`.`created_at`, `schedules`.`updated_at`, `schedules`.`get_in_time`, `schedules`.`get_off_time` FROM `schedules` WHERE (DATE(`schedules`.`created_at`) = '2021-06-25' AND `schedules`.`user_id` = 2) LIMIT 21; args=('2021-06-25', 2)
2021-06-25 10:36:36,086 DEBUG (0.000) SET SESSION TRANSACTION ISOLATION LEVEL READ COMMITTED; args=None
2021-06-25 10:36:36,089 DEBUG (0.001) SELECT `users`.`id`, `users`.`password`, `users`.`last_login`, `users`.`employee_number`, `users`.`date_of_join`, `users`.`annual_leave_id`, `users`.`registration_number`, `users`.`phone_number`, `users`.`email`, `users`.`name`, `users`.`work_type`, `users`.`salary`, `users`.`get_in_time`, `users`.`get_off_time`, `users`.`remaining_annual_leave` FROM `users` WHERE `users`.`employee_number` = '' LIMIT 21; args=('',)
Not Found: /schedules/today
2021-06-25 10:36:41,390 DEBUG (0.000) SET SESSION TRANSACTION ISOLATION LEVEL READ COMMITTED; args=None
2021-06-25 10:36:41,401 DEBUG (0.006) SELECT `users`.`id`, `users`.`password`, `users`.`last_login`, `users`.`employee_number`, `users`.`date_of_join`, `users`.`annual_leave_id`, `users`.`registration_number`, `users`.`phone_number`, `users`.`email`, `users`.`name`, `users`.`work_type`, `users`.`salary`, `users`.`get_in_time`, `users`.`get_off_time`, `users`.`remaining_annual_leave` FROM `users` WHERE `users`.`employee_number` = '2021' LIMIT 21; args=('2021',)
Not Found: /schedules/today
2021-06-25 10:36:52,270 DEBUG (0.000) SET SESSION TRANSACTION ISOLATION LEVEL READ COMMITTED; args=None
2021-06-25 10:36:52,274 DEBUG (0.001) SELECT `users`.`id`, `users`.`password`, `users`.`last_login`, `users`.`employee_number`, `users`.`date_of_join`, `users`.`annual_leave_id`, `users`.`registration_number`, `users`.`phone_number`, `users`.`email`, `users`.`name`, `users`.`work_type`, `users`.`salary`, `users`.`get_in_time`, `users`.`get_off_time`, `users`.`remaining_annual_leave` FROM `users` WHERE `users`.`employee_number` = '2021' LIMIT 21; args=('2021',)
Not Found: /schedules/today
2021-06-25 10:36:56,564 DEBUG (0.000) SET SESSION TRANSACTION ISOLATION LEVEL READ COMMITTED; args=None
2021-06-25 10:36:56,572 DEBUG (0.001) SELECT `users`.`id`, `users`.`password`, `users`.`last_login`, `users`.`employee_number`, `users`.`date_of_join`, `users`.`annual_leave_id`, `users`.`registration_number`, `users`.`phone_number`, `users`.`email`, `users`.`name`, `users`.`work_type`, `users`.`salary`, `users`.`get_in_time`, `users`.`get_off_time`, `users`.`remaining_annual_leave` FROM `users` WHERE `users`.`employee_number` = '20210002' LIMIT 21; args=('20210002',)
2021-06-25 10:36:56,575 DEBUG (0.002) SELECT `schedules`.`id`, `schedules`.`user_id`, `schedules`.`work_type`, `schedules`.`created_at`, `schedules`.`updated_at`, `schedules`.`get_in_time`, `schedules`.`get_off_time` FROM `schedules` WHERE (DATE(`schedules`.`created_at`) = '2021-06-25' AND `schedules`.`user_id` = 2) LIMIT 21; args=('2021-06-25', 2)
2021-06-25 10:36:58,214 DEBUG (0.000) SET SESSION TRANSACTION ISOLATION LEVEL READ COMMITTED; args=None
2021-06-25 10:36:58,217 DEBUG (0.001) SELECT `users`.`id`, `users`.`password`, `users`.`last_login`, `users`.`employee_number`, `users`.`date_of_join`, `users`.`annual_leave_id`, `users`.`registration_number`, `users`.`phone_number`, `users`.`email`, `users`.`name`, `users`.`work_type`, `users`.`salary`, `users`.`get_in_time`, `users`.`get_off_time`, `users`.`remaining_annual_leave` FROM `users` WHERE `users`.`employee_number` = '2021000' LIMIT 21; args=('2021000',)
Not Found: /schedules/today
2021-06-25 10:37:02,260 DEBUG (0.001) SET SESSION TRANSACTION ISOLATION LEVEL READ COMMITTED; args=None
2021-06-25 10:37:02,264 DEBUG (0.001) SELECT `users`.`id`, `users`.`password`, `users`.`last_login`, `users`.`employee_number`, `users`.`date_of_join`, `users`.`annual_leave_id`, `users`.`registration_number`, `users`.`phone_number`, `users`.`email`, `users`.`name`, `users`.`work_type`, `users`.`salary`, `users`.`get_in_time`, `users`.`get_off_time`, `users`.`remaining_annual_leave` FROM `users` WHERE `users`.`employee_number` = '20210001' LIMIT 21; args=('20210001',)
2021-06-25 10:37:02,270 DEBUG (0.004) SELECT `schedules`.`id`, `schedules`.`user_id`, `schedules`.`work_type`, `schedules`.`created_at`, `schedules`.`updated_at`, `schedules`.`get_in_time`, `schedules`.`get_off_time` FROM `schedules` WHERE (DATE(`schedules`.`created_at`) = '2021-06-25' AND `schedules`.`user_id` = 1) LIMIT 21; args=('2021-06-25', 1)
2021-06-25 10:37:05,363 DEBUG (0.000) SET SESSION TRANSACTION ISOLATION LEVEL READ COMMITTED; args=None
2021-06-25 10:37:05,367 DEBUG (0.001) SELECT `users`.`id`, `users`.`password`, `users`.`last_login`, `users`.`employee_number`, `users`.`date_of_join`, `users`.`annual_leave_id`, `users`.`registration_number`, `users`.`phone_number`, `users`.`email`, `users`.`name`, `users`.`work_type`, `users`.`salary`, `users`.`get_in_time`, `users`.`get_off_time`, `users`.`remaining_annual_leave` FROM `users` WHERE `users`.`employee_number` = '2021005' LIMIT 21; args=('2021005',)
Not Found: /schedules/today
2021-06-25 10:37:09,301 DEBUG (0.000) SET SESSION TRANSACTION ISOLATION LEVEL READ COMMITTED; args=None
2021-06-25 10:37:09,309 DEBUG (0.001) SELECT `users`.`id`, `users`.`password`, `users`.`last_login`, `users`.`employee_number`, `users`.`date_of_join`, `users`.`annual_leave_id`, `users`.`registration_number`, `users`.`phone_number`, `users`.`email`, `users`.`name`, `users`.`work_type`, `users`.`salary`, `users`.`get_in_time`, `users`.`get_off_time`, `users`.`remaining_annual_leave` FROM `users` WHERE `users`.`employee_number` = '2021000' LIMIT 21; args=('2021000',)
Not Found: /schedules/today
2021-06-25 10:37:12,375 DEBUG (0.001) SET SESSION TRANSACTION ISOLATION LEVEL READ COMMITTED; args=None
2021-06-25 10:37:12,378 DEBUG (0.001) SELECT `users`.`id`, `users`.`password`, `users`.`last_login`, `users`.`employee_number`, `users`.`date_of_join`, `users`.`annual_leave_id`, `users`.`registration_number`, `users`.`phone_number`, `users`.`email`, `users`.`name`, `users`.`work_type`, `users`.`salary`, `users`.`get_in_time`, `users`.`get_off_time`, `users`.`remaining_annual_leave` FROM `users` WHERE `users`.`employee_number` = '20210005' LIMIT 21; args=('20210005',)
2021-06-25 10:37:12,382 DEBUG (0.001) SELECT `schedules`.`id`, `schedules`.`user_id`, `schedules`.`work_type`, `schedules`.`created_at`, `schedules`.`updated_at`, `schedules`.`get_in_time`, `schedules`.`get_off_time` FROM `schedules` WHERE (DATE(`schedules`.`created_at`) = '2021-06-25' AND `schedules`.`user_id` = 5) LIMIT 21; args=('2021-06-25', 5)
2021-06-25 10:38:04,716 DEBUG (0.000) SET SESSION TRANSACTION ISOLATION LEVEL READ COMMITTED; args=None
2021-06-25 10:38:04,720 DEBUG (0.001) SELECT `users`.`id`, `users`.`password`, `users`.`last_login`, `users`.`employee_number`, `users`.`date_of_join`, `users`.`annual_leave_id`, `users`.`registration_number`, `users`.`phone_number`, `users`.`email`, `users`.`name`, `users`.`work_type`, `users`.`salary`, `users`.`get_in_time`, `users`.`get_off_time`, `users`.`remaining_annual_leave` FROM `users` WHERE `users`.`employee_number` = '2021000' LIMIT 21; args=('2021000',)
Not Found: /schedules/today
2021-06-25 10:38:12,016 DEBUG (0.000) SET SESSION TRANSACTION ISOLATION LEVEL READ COMMITTED; args=None
2021-06-25 10:38:12,022 DEBUG (0.001) SELECT `users`.`id`, `users`.`password`, `users`.`last_login`, `users`.`employee_number`, `users`.`date_of_join`, `users`.`annual_leave_id`, `users`.`registration_number`, `users`.`phone_number`, `users`.`email`, `users`.`name`, `users`.`work_type`, `users`.`salary`, `users`.`get_in_time`, `users`.`get_off_time`, `users`.`remaining_annual_leave` FROM `users` WHERE `users`.`employee_number` = '' LIMIT 21; args=('',)
Not Found: /schedules/today
2021-06-25 10:38:29,683 DEBUG (0.000) SET SESSION TRANSACTION ISOLATION LEVEL READ COMMITTED; args=None
2021-06-25 10:38:29,687 DEBUG (0.001) SELECT `users`.`id`, `users`.`password`, `users`.`last_login`, `users`.`employee_number`, `users`.`date_of_join`, `users`.`annual_leave_id`, `users`.`registration_number`, `users`.`phone_number`, `users`.`email`, `users`.`name`, `users`.`work_type`, `users`.`salary`, `users`.`get_in_time`, `users`.`get_off_time`, `users`.`remaining_annual_leave` FROM `users` WHERE `users`.`employee_number` = '20210005' LIMIT 21; args=('20210005',)
2021-06-25 10:38:29,872 DEBUG (0.001) SELECT `roles_by_users`.`id`, `roles_by_users`.`user_id`, `roles_by_users`.`role_id`, `users`.`id`, `users`.`password`, `users`.`last_login`, `users`.`employee_number`, `users`.`date_of_join`, `users`.`annual_leave_id`, `users`.`registration_number`, `users`.`phone_number`, `users`.`email`, `users`.`name`, `users`.`work_type`, `users`.`salary`, `users`.`get_in_time`, `users`.`get_off_time`, `users`.`remaining_annual_leave` FROM `roles_by_users` INNER JOIN `users` ON (`roles_by_users`.`user_id` = `users`.`id`) WHERE `users`.`employee_number` = '20210005'; args=('20210005',)
2021-06-25 10:38:29,877 DEBUG (0.001) SELECT `roles`.`id`, `roles`.`type`, `roles`.`name` FROM `roles` WHERE `roles`.`id` = 2 LIMIT 21; args=(2,)
2021-06-25 10:38:29,880 DEBUG (0.001) SELECT `permissions_by_roles`.`id`, `permissions_by_roles`.`permission_id`, `permissions_by_roles`.`role_id` FROM `permissions_by_roles` WHERE `permissions_by_roles`.`role_id` = 2 ORDER BY `permissions_by_roles`.`id` ASC LIMIT 1; args=(2,)
2021-06-25 10:38:29,883 DEBUG (0.001) SELECT `roles`.`id`, `roles`.`type`, `roles`.`name` FROM `roles` WHERE `roles`.`id` = 5 LIMIT 21; args=(5,)
2021-06-25 10:38:29,885 DEBUG (0.002) SELECT `permissions_by_roles`.`id`, `permissions_by_roles`.`permission_id`, `permissions_by_roles`.`role_id` FROM `permissions_by_roles` WHERE `permissions_by_roles`.`role_id` = 5 ORDER BY `permissions_by_roles`.`id` ASC LIMIT 1; args=(5,)
2021-06-25 10:38:29,888 DEBUG (0.002) SELECT `roles`.`id`, `roles`.`type`, `roles`.`name` FROM `roles` WHERE `roles`.`id` = 1 LIMIT 21; args=(1,)
2021-06-25 10:38:29,890 DEBUG (0.001) SELECT `permissions_by_roles`.`id`, `permissions_by_roles`.`permission_id`, `permissions_by_roles`.`role_id` FROM `permissions_by_roles` WHERE `permissions_by_roles`.`role_id` = 1 ORDER BY `permissions_by_roles`.`id` ASC LIMIT 1; args=(1,)
2021-06-25 10:38:29,891 DEBUG (0.001) SELECT `permissions`.`id`, `permissions`.`url`, `permissions`.`method` FROM `permissions` WHERE `permissions`.`id` = 1 LIMIT 21; args=(1,)
[2021-06-25 01:41:38 +0000] [14494] [INFO] Handling signal: term
[2021-06-25 10:41:38 +0900] [14495] [INFO] Worker exiting (pid: 14495)
810
112
None
None
None
None
None
None
None
None
810
112
None
None
None
None
None
None
None
None
2021-06-24 19:14:11.280065 None
2021-06-24 19:14:11.280065 None
112
112
None
None
None
None
810
112
None
None
None
None
None
None
None
None
None
None
2021-06-25 09:45:45.179002 None
112
112
[2021-06-25 01:41:38 +0000] [14494] [INFO] Shutting down: Master
